Exporter version: 5.4.2, Blender version: 2.79 (sub 0)
========= Conversion from Blender to Babylon.js =========
	Scene settings used:
		selected layers only:  false
		flat shading entire scene:  false
		inline textures:  false
		texture directory:  F:\Slavs\Babylon\Enemies\Zombie\
	Python World class constructor completed
	processing begun of skeleton:  metarig, id:  0
		processing begun of bone:  root, index:  0
		processing begun of bone:  heel.L, index:  1
		processing begun of bone:  foot.L, index:  2
		processing begun of bone:  heel.R, index:  3
		processing begun of bone:  foot.R, index:  4
		processing begun of bone:  hips, index:  5
		processing begun of bone:  spine, index:  6
		processing begun of bone:  chest, index:  7
		processing begun of bone:  neck, index:  8
		processing begun of bone:  head, index:  9
		processing begun of bone:  shoulder.L, index:  10
		processing begun of bone:  upper_arm.L, index:  11
		processing begun of bone:  forearm.L, index:  12
		processing begun of bone:  hand.L, index:  13
		processing begun of bone:  Finger_Bone1.L, index:  14
		processing begun of bone:  Finger_Bone2.L, index:  15
		processing begun of bone:  Finger_Bone3.L, index:  16
		processing begun of bone:  Finger_Bone4.L, index:  17
		processing begun of bone:  shield.bone, index:  18
		processing begun of bone:  shoulder.R, index:  19
		processing begun of bone:  upper_arm.R, index:  20
		processing begun of bone:  forearm.R, index:  21
		processing begun of bone:  hand.R, index:  22
		processing begun of bone:  Finger_Bone1.R, index:  23
		processing begun of bone:  Finger_Bone2.R, index:  24
		processing begun of bone:  weapon.bone, index:  25
		processing begun of bone:  Finger_Bone3.R, index:  26
		processing begun of bone:  Finger_Bone4.R, index:  27
		processing begun of bone:  thigh.L, index:  28
		processing begun of bone:  shin.L, index:  29
		processing begun of bone:  thigh.R, index:  30
		processing begun of bone:  shin.R, index:  31
		processing action death:  in[0 - 21], out[0 - 21]
		processing action Stand_with_weapon:  in[0 - 1], out[30 - 31]
		processing action Walk:  in[1 - 69], out[40 - 109]
	processing begun of mesh:  Cylinder.003
		processing begun of Standard material:  Material.012
			Diffuse texture found "Texture.006"
				Image texture found, type:  diffuseTexture, mapped using: "UVMap"
		num positions      :  161
		num normals        :  161
		num uvs            :  322
		num uvs2           :  0
		num colors         :  0
		num indices        :  252
	processing begun of mesh:  Cylinder.002
		registered as also a user of material:  Material.012
		num positions      :  161
		num normals        :  161
		num uvs            :  322
		num uvs2           :  0
		num colors         :  0
		num indices        :  252
	processing begun of mesh:  Cylinder.001
		registered as also a user of material:  Material.012
		num positions      :  29
		num normals        :  29
		num uvs            :  58
		num uvs2           :  0
		num colors         :  0
		num indices        :  36
	processing begun of mesh:  Cylinder
		registered as also a user of material:  Material.012
		num positions      :  468
		num normals        :  468
		num uvs            :  936
		num uvs2           :  0
		num colors         :  0
		num indices        :  768
		WARNING: # of 0 area faces found:  72
	processing begun of mesh:  grass_broke
		processing begun of Standard material:  Material.011
		num positions      :  4
		num normals        :  4
		num uvs            :  8
		num uvs2           :  0
		num colors         :  0
		num indices        :  6
	WARNING: The following camera not visible in scene thus ignored: Camera
	processing begun of mesh:  Sash
		processing begun of Standard material:  Sash
			Diffuse texture found "Texture.005"
				Image texture found, type:  diffuseTexture, mapped using: "UVMap"
				WARNING: Opacity non-std way to indicate opacity, use material alpha to also use Opacity texture
		num positions      :  58
		num normals        :  58
		num uvs            :  116
		num uvs2           :  0
		num colors         :  0
		num indices        :  198
		Skeleton stats:  
			Total Influencers:  180
			Avg # of influencers per vertex:  3.1034
			Highest # of influencers observed:  5, num vertices with this:  6
			exported as 5 influencers
			num skeletonWeights and skeletonIndices:  464
	processing begun of mesh:  Gloves
		processing begun of Standard material:  Gloves
			Diffuse texture found "Texture.011"
				Image texture found, type:  diffuseTexture, mapped using: "UVMap"
		num positions      :  159
		num normals        :  159
		num uvs            :  318
		num uvs2           :  0
		num colors         :  0
		num indices        :  216
		Skeleton stats:  
			Total Influencers:  337
			Avg # of influencers per vertex:  2.1195
			Highest # of influencers observed:  3, num vertices with this:  54
			exported as 3 influencers
			num skeletonWeights and skeletonIndices:  636
	processing begun of mesh:  Zombie
		processing begun of Standard material:  texture
			Diffuse texture found "Texture.002"
				Image texture found, type:  diffuseTexture, mapped using: "UVMap"
		num positions      :  1380
		num normals        :  1380
		num uvs            :  2760
		num uvs2           :  0
		num colors         :  0
		num indices        :  3126
		Skeleton stats:  
			Total Influencers:  3269
			Avg # of influencers per vertex:  2.3688
			Highest # of influencers observed:  7, num vertices with this:  1
			exported as 7 influencers
			num skeletonWeights and skeletonIndices:  11040
	processing begun of mesh:  Horns
		processing begun of Standard material:  Hair
			Diffuse texture found "Texture.004"
				Image texture found, type:  diffuseTexture, mapped using: "UVMap"
		registered as also a user of material:  Gloves
		processing begun of Standard material:  Material.007
		processing begun of multimaterial:  Zombie.Multimaterial#0
		num positions      :  26
		num normals        :  26
		num uvs            :  52
		num uvs2           :  0
		num colors         :  104
		num indices        :  132
		Skeleton stats:  
			Total Influencers:  26
			Avg # of influencers per vertex:  1
			Highest # of influencers observed:  1, num vertices with this:  26
			exported as 1 influencers
			num skeletonWeights and skeletonIndices:  104
	processing begun of mesh:  Axe.001
		animation processing begun
			processing action death:  in[0 - 21], out[0 - 21]
			processing action Stand_with_weapon:  in[0 - 0], out[30 - 30]
			processing action Walk:  in[1 - 69], out[40 - 109]
		processing begun of Standard material:  Material.008
		processing begun of Standard material:  Material.009
		processing begun of multimaterial:  Zombie.Multimaterial#1
		num positions      :  150
		num normals        :  150
		num uvs            :  0
		num uvs2           :  0
		num colors         :  0
		num indices        :  780
		Skeleton stats:  
			Total Influencers:  150
			Avg # of influencers per vertex:  1
			Highest # of influencers observed:  1, num vertices with this:  150
			exported as 1 influencers
			num skeletonWeights and skeletonIndices:  600
	processing begun of mesh:  long-sword
		processing begun of Standard material:  Material.010
			Diffuse texture found "Texture.007"
				Image texture found, type:  diffuseTexture, mapped using: "UVMap"
		num positions      :  236
		num normals        :  236
		num uvs            :  472
		num uvs2           :  0
		num colors         :  0
		num indices        :  420
		Skeleton stats:  
			Total Influencers:  236
			Avg # of influencers per vertex:  1
			Highest # of influencers observed:  1, num vertices with this:  236
			exported as 1 influencers
			num skeletonWeights and skeletonIndices:  944
	WARNING: The following lamp not visible in scene thus ignored: Hemi
========= Writing of scene file started =========
========= Writing of scene file completed =========
========= end of processing =========
elapsed time:  0 min, 4.072 secs
