Exporter version: 5.3-beta, Blender version: 2.78 (sub 0)
========= Conversion from Blender to Babylon.js =========
	Scene settings used:
		selected layers only:  false
		flat shading entire scene:  false
		inline textures:  false
		texture directory:  F:\AOTF\Test\babylon\character\
	Python World class constructor completed
	WARNING: No active camera has been assigned, or is not in a currently selected Blender layer
	processing begun of skeleton:  Armature, id:  0
		processing begun of bone:  Bone, index:  0
		processing begun of bone:  Bone.001, index:  1
		processing begun of bone:  Bone.002, index:  2
		processing begun of bone:  Bone.003, index:  3
		processing begun of bone:  chest_arm.L, index:  4
		processing begun of bone:  upper_arm.L, index:  5
		processing begun of bone:  lower_arm.L, index:  6
		processing begun of bone:  hand_arm.L, index:  7
		processing begun of bone:  chest_arm.R, index:  8
		processing begun of bone:  upper_arm.R, index:  9
		processing begun of bone:  lower_arm.R, index:  10
		processing begun of bone:  hand_arm.R, index:  11
		processing begun of bone:  upper_leg.L, index:  12
		processing begun of bone:  lowe_leg.L, index:  13
		processing begun of bone:  foot.L, index:  14
		processing begun of bone:  upper_leg.R, index:  15
		processing begun of bone:  lowe_leg.R, index:  16
		processing begun of bone:  foot.R, index:  17
	processing begun of mesh:  body
		processing begun of Standard material:  skin.002
			Diffuse texture found "Texture"
				Image texture found, type:  diffuseTexture, mapped using: "UVMap"
		processing begun of Standard material:  hair.001
		processing begun of Standard material:  hair.000
		processing begun of multimaterial:  avatar1.Multimaterial#0
		num positions      :  1510
		num normals        :  1510
		num uvs            :  3020
		num uvs2           :  0
		num colors         :  0
		num indices        :  4020
		Skeleton stats:  
			Total Influencers:  3187
			Avg # of influencers per vertex:  2.1106
			Highest # of influencers observed:  6, num vertices with this:  2
			exported as 6 influencers
			num skeletonWeights and skeletonIndices:  12080
========= Writing of files started =========
========= Writing of files completed =========
========= end of processing =========
elapsed time:  0 min, 2.407 secs
