Exporter version: 5.3-beta, Blender version: 2.78 (sub 0)
========= Conversion from Blender to Babylon.js =========
	Scene settings used:
		selected layers only:  false
		flat shading entire scene:  false
		inline textures:  false
		texture directory:  F:\Slavs\Babylon\Maps\tow\
	Python World class constructor completed
	processing begun of mesh:  Grass_small.012
		processing begun of Standard material:  Grass_small
			Diffuse texture found "Grass_small"
				Image texture found, type:  diffuseTexture, mapped using: "UVMap"
				WARNING: Opacity non-std way to indicate opacity, use material alpha to also use Opacity texture
		num positions      :  12
		num normals        :  12
		num uvs            :  24
		num uvs2           :  0
		num colors         :  0
		num indices        :  18
	processing begun of mesh:  Grass_small.011
		registered as also a user of material:  Grass_small
		num positions      :  12
		num normals        :  12
		num uvs            :  24
		num uvs2           :  0
		num colors         :  0
		num indices        :  18
	processing begun of mesh:  Grass_small.010
		registered as also a user of material:  Grass_small
		num positions      :  12
		num normals        :  12
		num uvs            :  24
		num uvs2           :  0
		num colors         :  0
		num indices        :  18
	processing begun of mesh:  Grass_small.009
		registered as also a user of material:  Grass_small
		num positions      :  12
		num normals        :  12
		num uvs            :  24
		num uvs2           :  0
		num colors         :  0
		num indices        :  18
	processing begun of mesh:  Grass_small.008
		registered as also a user of material:  Grass_small
		num positions      :  12
		num normals        :  12
		num uvs            :  24
		num uvs2           :  0
		num colors         :  0
		num indices        :  18
	processing begun of mesh:  Grass_small.007
		registered as also a user of material:  Grass_small
		num positions      :  12
		num normals        :  12
		num uvs            :  24
		num uvs2           :  0
		num colors         :  0
		num indices        :  18
	processing begun of mesh:  Grass_small.006
		registered as also a user of material:  Grass_small
		num positions      :  12
		num normals        :  12
		num uvs            :  24
		num uvs2           :  0
		num colors         :  0
		num indices        :  18
	processing begun of mesh:  Grass_small.005
		registered as also a user of material:  Grass_small
		num positions      :  12
		num normals        :  12
		num uvs            :  24
		num uvs2           :  0
		num colors         :  0
		num indices        :  18
	processing begun of mesh:  Grass_small.004
		registered as also a user of material:  Grass_small
		num positions      :  12
		num normals        :  12
		num uvs            :  24
		num uvs2           :  0
		num colors         :  0
		num indices        :  18
	processing begun of mesh:  Grass_small.003
		registered as also a user of material:  Grass_small
		num positions      :  12
		num normals        :  12
		num uvs            :  24
		num uvs2           :  0
		num colors         :  0
		num indices        :  18
	processing begun of mesh:  Grass_small.002
		registered as also a user of material:  Grass_small
		num positions      :  12
		num normals        :  12
		num uvs            :  24
		num uvs2           :  0
		num colors         :  0
		num indices        :  18
	processing begun of mesh:  Grass_small.001
		registered as also a user of material:  Grass_small
		num positions      :  12
		num normals        :  12
		num uvs            :  24
		num uvs2           :  0
		num colors         :  0
		num indices        :  18
	processing begun of mesh:  Stone_medium.001
		processing begun of Standard material:  Material.001
			Diffuse texture found "Texture.003"
				Image texture found, type:  diffuseTexture, mapped using: "UVMap"
		num positions      :  187
		num normals        :  187
		num uvs            :  374
		num uvs2           :  0
		num colors         :  0
		num indices        :  360
	processing begun of mesh:  Fireplace
		processing begun of Standard material:  Stone_small
			Diffuse texture found "Tex.001"
				Image texture found, type:  diffuseTexture, mapped using: "UVMap"
		num positions      :  1588
		num normals        :  1588
		num uvs            :  3176
		num uvs2           :  0
		num colors         :  0
		num indices        :  2640
	processing begun of mesh:  choinka.015
		processing begun of Standard material:  korona2
			Diffuse texture found "korona2"
				Image texture found, type:  diffuseTexture, mapped using: "UVMap"
				WARNING: Opacity non-std way to indicate opacity, use material alpha to also use Opacity texture
		processing begun of Standard material:  root
			Diffuse texture found "Texture.001"
				Image texture found, type:  diffuseTexture, mapped using: "UVMap"
		processing begun of multimaterial:  map01.Multimaterial#0
		num positions      :  479
		num normals        :  479
		num uvs            :  958
		num uvs2           :  0
		num colors         :  0
		num indices        :  768
	processing begun of mesh:  choinka.014
		registered as also a user of material:  korona2
		registered as also a user of material:  root
		processing begun of multimaterial:  map01.Multimaterial#1
		num positions      :  479
		num normals        :  479
		num uvs            :  958
		num uvs2           :  0
		num colors         :  0
		num indices        :  768
	processing begun of mesh:  choinka.013
		registered as also a user of material:  korona2
		registered as also a user of material:  root
		processing begun of multimaterial:  map01.Multimaterial#2
		num positions      :  479
		num normals        :  479
		num uvs            :  958
		num uvs2           :  0
		num colors         :  0
		num indices        :  768
	processing begun of mesh:  choinka.012
		registered as also a user of material:  korona2
		registered as also a user of material:  root
		processing begun of multimaterial:  map01.Multimaterial#3
		num positions      :  479
		num normals        :  479
		num uvs            :  958
		num uvs2           :  0
		num colors         :  0
		num indices        :  768
	processing begun of mesh:  choinka.011
		registered as also a user of material:  korona2
		registered as also a user of material:  root
		processing begun of multimaterial:  map01.Multimaterial#4
		num positions      :  479
		num normals        :  479
		num uvs            :  958
		num uvs2           :  0
		num colors         :  0
		num indices        :  768
	processing begun of mesh:  choinka.010
		registered as also a user of material:  korona2
		registered as also a user of material:  root
		processing begun of multimaterial:  map01.Multimaterial#5
		num positions      :  479
		num normals        :  479
		num uvs            :  958
		num uvs2           :  0
		num colors         :  0
		num indices        :  768
	processing begun of mesh:  choinka.009
		registered as also a user of material:  korona2
		registered as also a user of material:  root
		processing begun of multimaterial:  map01.Multimaterial#6
		num positions      :  479
		num normals        :  479
		num uvs            :  958
		num uvs2           :  0
		num colors         :  0
		num indices        :  768
	processing begun of mesh:  choinka.008
		registered as also a user of material:  korona2
		registered as also a user of material:  root
		processing begun of multimaterial:  map01.Multimaterial#7
		num positions      :  479
		num normals        :  479
		num uvs            :  958
		num uvs2           :  0
		num colors         :  0
		num indices        :  768
	processing begun of mesh:  choinka.007
		registered as also a user of material:  korona2
		registered as also a user of material:  root
		processing begun of multimaterial:  map01.Multimaterial#8
		num positions      :  479
		num normals        :  479
		num uvs            :  958
		num uvs2           :  0
		num colors         :  0
		num indices        :  768
	processing begun of mesh:  choinka.006
		registered as also a user of material:  korona2
		registered as also a user of material:  root
		processing begun of multimaterial:  map01.Multimaterial#9
		num positions      :  479
		num normals        :  479
		num uvs            :  958
		num uvs2           :  0
		num colors         :  0
		num indices        :  768
	processing begun of mesh:  choinka.005
		registered as also a user of material:  korona2
		registered as also a user of material:  root
		processing begun of multimaterial:  map01.Multimaterial#10
		num positions      :  479
		num normals        :  479
		num uvs            :  958
		num uvs2           :  0
		num colors         :  0
		num indices        :  768
	processing begun of mesh:  choinka.004
		registered as also a user of material:  korona2
		registered as also a user of material:  root
		processing begun of multimaterial:  map01.Multimaterial#11
		num positions      :  479
		num normals        :  479
		num uvs            :  958
		num uvs2           :  0
		num colors         :  0
		num indices        :  768
	processing begun of mesh:  choinka.003
		registered as also a user of material:  korona2
		registered as also a user of material:  root
		processing begun of multimaterial:  map01.Multimaterial#12
		num positions      :  479
		num normals        :  479
		num uvs            :  958
		num uvs2           :  0
		num colors         :  0
		num indices        :  768
	processing begun of mesh:  choinka.002
		registered as also a user of material:  korona2
		registered as also a user of material:  root
		processing begun of multimaterial:  map01.Multimaterial#13
		num positions      :  479
		num normals        :  479
		num uvs            :  958
		num uvs2           :  0
		num colors         :  0
		num indices        :  768
	processing begun of mesh:  choinka.001
		registered as also a user of material:  korona2
		registered as also a user of material:  root
		processing begun of multimaterial:  map01.Multimaterial#14
		num positions      :  479
		num normals        :  479
		num uvs            :  958
		num uvs2           :  0
		num colors         :  0
		num indices        :  768
	processing begun of mesh:  Forest_ground
		processing begun of Standard material:  Forest_ground
			Diffuse texture found "Forest_ground"
				Image texture found, type:  diffuseTexture, mapped using: "UVMap"
		num positions      :  4
		num normals        :  4
		num uvs            :  8
		num uvs2           :  0
		num colors         :  0
		num indices        :  6
	WARNING: The following camera not visible in scene thus ignored: Camera
	processing begun of mesh:  choinka
		registered as also a user of material:  korona2
		registered as also a user of material:  root
		processing begun of multimaterial:  map01.Multimaterial#15
		num positions      :  479
		num normals        :  479
		num uvs            :  958
		num uvs2           :  0
		num colors         :  0
		num indices        :  768
	processing begun of mesh:  Stone_large
		processing begun of Standard material:  Stona_large
			Diffuse texture found "Texture.002"
				Image texture found, type:  diffuseTexture, mapped using: "UVMap"
		num positions      :  96
		num normals        :  96
		num uvs            :  192
		num uvs2           :  0
		num colors         :  0
		num indices        :  180
	processing begun of mesh:  Stone_medium
		registered as also a user of material:  Material.001
		num positions      :  93
		num normals        :  93
		num uvs            :  186
		num uvs2           :  0
		num colors         :  0
		num indices        :  180
	processing begun of mesh:  Grass_small
		registered as also a user of material:  Grass_small
		num positions      :  12
		num normals        :  12
		num uvs            :  24
		num uvs2           :  0
		num colors         :  0
		num indices        :  18
	processing begun of light (SUN):  Point
========= Writing of files started =========
========= Writing of files completed =========
========= end of processing =========
elapsed time:  0 min, 3.07 secs
