Exporter version: 5.5.0, Blender version: 2.79 (sub 0)
========= Conversion from Blender to Babylon.js =========
	Scene settings used:
		selected layers only:  true
		flat shading entire scene:  false
		inline textures:  false
		texture directory:  F:\Slavs\Babylon\Maps\forestStartHouse\
	Python World class constructor completed
	processing begun of mesh:  Box_Cube.004
		processing begun of Standard material:  Box_Cube
		num positions      :  8
		num normals        :  8
		num uvs            :  0
		num uvs2           :  0
		num colors         :  0
		num indices        :  36
	processing begun of mesh:  questLog
		processing begun of Standard material:  materialQuestLog
			Diffuse texture found "Texture"
				Image texture found, type:  diffuseTexture, mapped using: "UVMap"
		num positions      :  79
		num normals        :  79
		num uvs            :  158
		num uvs2           :  0
		num colors         :  0
		num indices        :  126
	processing begun of mesh:  Ground
		processing begun of Standard material:  Dirt
			Diffuse texture found "Dirt"
				Image texture found, type:  diffuseTexture, mapped using: "UVMap"
				WARNING: Opacity non-std way to indicate opacity, use material alpha to also use Opacity texture
		num positions      :  4
		num normals        :  4
		num uvs            :  8
		num uvs2           :  0
		num colors         :  0
		num indices        :  6
	processing begun of mesh:  Box_Cube.003
		mesh is an instance of :  Box_Cube.004.  Processing halted.
	processing begun of mesh:  Box_Cube.002
		mesh is an instance of :  Box_Cube.004.  Processing halted.
	processing begun of mesh:  Box_Cube.001
		mesh is an instance of :  Box_Cube.004.  Processing halted.
	processing begun of mesh:  Box_Cube
		mesh is an instance of :  Box_Cube.004.  Processing halted.
	processing begun of mesh:  exitHouse
		WARNING: No materials have been assigned: 
		num positions      :  5
		num normals        :  5
		num uvs            :  0
		num uvs2           :  0
		num colors         :  0
		num indices        :  9
	processing begun of camera (UniversalCamera):  Camera
	processing begun of mesh:  joinedHouse
		processing begun of Standard material:  LOg_low
			Diffuse texture found "Texture.007"
				Image texture found, type:  diffuseTexture, mapped using: "UVMap"
		processing begun of Standard material:  Material.009
			Diffuse texture found "Texture.006"
				Image texture found, type:  diffuseTexture, mapped using: "UVMap"
		processing begun of multimaterial:  forestHouseStart.Multimaterial#0
		num positions      :  2530
		num normals        :  2530
		num uvs            :  5060
		num uvs2           :  0
		num colors         :  0
		num indices        :  3666
	processing begun of mesh:  Chest
		processing begun of Standard material:  Material.000
		processing begun of Standard material:  Material.001
			Diffuse texture found "Texture.000"
				Image texture found, type:  diffuseTexture, mapped using: "UVMap"
		processing begun of multimaterial:  forestHouseStart.Multimaterial#1
		num positions      :  772
		num normals        :  772
		num uvs            :  1544
		num uvs2           :  0
		num colors         :  0
		num indices        :  1398
	WARNING: The following lamp not visible in scene thus ignored: Point
	processing begun of light (SPOT):  Spot
	WARNING: The following lamp not visible in scene thus ignored: Lamp
========= Writing of scene file started =========
========= Writing of scene file completed =========
========= end of processing =========
elapsed time:  0 min, 1.322 secs
