Exporter version: 5.5.0, Blender version: 2.79 (sub 0)
========= Conversion from Blender to Babylon.js =========
	Scene settings used:
		selected layers only:  false
		flat shading entire scene:  false
		inline textures:  false
		texture directory:  F:\Slavs\Babylon\Maps\forestStartHouse\
	Python World class constructor completed
	processing begun of mesh:  Box_Cube.003
		processing begun of Standard material:  Box_Cube
		num positions      :  8
		num normals        :  8
		num uvs            :  0
		num uvs2           :  0
		num colors         :  0
		num indices        :  36
	processing begun of mesh:  Box_Cube.002
		mesh is an instance of :  Box_Cube.003.  Processing halted.
	processing begun of mesh:  Box_Cube.001
		mesh is an instance of :  Box_Cube.003.  Processing halted.
	processing begun of mesh:  Box_Cube
		mesh is an instance of :  Box_Cube.003.  Processing halted.
	processing begun of mesh:  exitHouse
		WARNING: No materials have been assigned: 
		num positions      :  4
		num normals        :  4
		num uvs            :  0
		num uvs2           :  0
		num colors         :  0
		num indices        :  6
	processing begun of mesh:  Ground
		processing begun of Standard material:  Material.002
		num positions      :  8
		num normals        :  8
		num uvs            :  0
		num uvs2           :  0
		num colors         :  0
		num indices        :  30
	WARNING: The following camera not visible in scene thus ignored: Camera
	processing begun of mesh:  Blackboard
		processing begun of Standard material:  Material.004
			Diffuse texture found "Texture.005"
				Image texture found, type:  diffuseTexture, mapped using: "UVMap"
		processing begun of Standard material:  Windows
			Diffuse texture found "Texture.016"
				Image texture found, type:  diffuseTexture, mapped using: "UVMap"
				WARNING: Opacity non-std way to indicate opacity, use material alpha to also use Opacity texture
		processing begun of Standard material:  Wooden_Wall
			Diffuse texture found "Texture.004"
				Image texture found, type:  diffuseTexture, mapped using: "UVMap"
				WARNING: Opacity non-std way to indicate opacity, use material alpha to also use Opacity texture
		processing begun of Standard material:  Godło
			Diffuse texture found "Godło"
				Image texture found, type:  diffuseTexture, mapped using: "UVMap"
				WARNING: Opacity non-std way to indicate opacity, use material alpha to also use Opacity texture
		processing begun of Standard material:  Roof
			Diffuse texture found "Texture.009"
				Image texture found, type:  diffuseTexture, mapped using: "UVMap"
		processing begun of Standard material:  Material.007
			Diffuse texture found "Texture.003"
				Image texture found, type:  diffuseTexture, mapped using: "UVMap"
				WARNING: Opacity non-std way to indicate opacity, use material alpha to also use Opacity texture
		processing begun of Standard material:  Material.008
		processing begun of Standard material:  Material.003
			Diffuse texture found "Texture.005"
				Image texture found, type:  diffuseTexture, mapped using: "UVMap"
		processing begun of multimaterial:  ForestStartHouse.Multimaterial#0
		num positions      :  64
		num normals        :  64
		num uvs            :  128
		num uvs2           :  0
		num colors         :  0
		num indices        :  102
	processing begun of mesh:  Komin
		processing begun of Standard material:  Material.006
		num positions      :  1519
		num normals        :  1519
		num uvs            :  0
		num uvs2           :  0
		num colors         :  0
		num indices        :  7230
	processing begun of light (POINT):  Lamp
========= Writing of scene file started =========
========= Writing of scene file completed =========
========= end of processing =========
elapsed time:  0 min, 0.674 secs
