Exporter version: 5.5.0, Blender version: 2.79 (sub 0)
========= Conversion from Blender to Babylon.js =========
	Scene settings used:
		selected layers only:  false
		flat shading entire scene:  false
		inline textures:  false
		texture directory:  F:\Slavs\Babylon\Enemies\Skeleton\
	Python World class constructor completed
	processing begun of skeleton:  metarig, id:  0
		processing begun of bone:  root, index:  0
		processing begun of bone:  heel.L, index:  1
		processing begun of bone:  foot.L, index:  2
		processing begun of bone:  heel.R, index:  3
		processing begun of bone:  foot.R, index:  4
		processing begun of bone:  hips, index:  5
		processing begun of bone:  spine, index:  6
		processing begun of bone:  chest, index:  7
		processing begun of bone:  neck, index:  8
		processing begun of bone:  head, index:  9
		processing begun of bone:  shoulder.L, index:  10
		processing begun of bone:  upper_arm.L, index:  11
		processing begun of bone:  forearm.L, index:  12
		processing begun of bone:  hand.L, index:  13
		processing begun of bone:  Finger_Bone1.L, index:  14
		processing begun of bone:  Finger_Bone2.L, index:  15
		processing begun of bone:  Finger_Bone3.L, index:  16
		processing begun of bone:  Finger_Bone4.L, index:  17
		processing begun of bone:  shield.bone, index:  18
		processing begun of bone:  shoulder.R, index:  19
		processing begun of bone:  upper_arm.R, index:  20
		processing begun of bone:  forearm.R, index:  21
		processing begun of bone:  hand.R, index:  22
		processing begun of bone:  Finger_Bone1.R, index:  23
		processing begun of bone:  Finger_Bone2.R, index:  24
		processing begun of bone:  weapon.bone, index:  25
		processing begun of bone:  Finger_Bone3.R, index:  26
		processing begun of bone:  Finger_Bone4.R, index:  27
		processing begun of bone:  thigh.L, index:  28
		processing begun of bone:  shin.L, index:  29
		processing begun of bone:  thigh.R, index:  30
		processing begun of bone:  shin.R, index:  31
		processing action Attack:  in[0 - 18], out[0 - 18]
		processing action Attack.001:  in[0 - 18], out[30 - 48]
		processing action Attack.002:  in[0 - 18], out[60 - 78]
		processing action Attack.003:  in[0 - 18], out[90 - 108]
		processing action Attack.004:  in[0 - 18], out[120 - 138]
		processing action Attack02:  in[0 - 17], out[150 - 167]
		processing action Attack02.001:  in[0 - 17], out[180 - 197]
		processing action Attack02.002:  in[0 - 17], out[210 - 227]
		processing action Attack02.003:  in[0 - 17], out[240 - 257]
		processing action Run:  in[0 - 20], out[270 - 290]
		processing action Run.000:  in[0 - 20], out[300 - 320]
		processing action Run.001:  in[0 - 20], out[330 - 350]
		processing action Run.002:  in[0 - 20], out[360 - 380]
		processing action Run.003:  in[0 - 20], out[390 - 410]
		processing action Run.004:  in[0 - 20], out[420 - 440]
		processing action Run.005:  in[0 - 20], out[450 - 470]
		processing action Select:  in[0 - 18], out[480 - 498]
		processing action Select.001:  in[0 - 18], out[510 - 528]
		processing action Select.002:  in[0 - 18], out[540 - 558]
		processing action Select.003:  in[0 - 18], out[570 - 588]
		processing action Select.004:  in[0 - 18], out[600 - 618]
		processing action Skill02:  in[0 - 10], out[630 - 640]
		processing action Skill02.001:  in[0 - 10], out[650 - 660]
		processing action Skill02.002:  in[0 - 10], out[670 - 680]
		processing action Skill02.003:  in[0 - 10], out[690 - 700]
		processing action stand:  in[0 - 1], out[710 - 711]
		processing action stand.001:  in[0 - 1], out[720 - 721]
		processing action stand.002:  in[0 - 1], out[730 - 731]
		processing action stand.003:  in[0 - 1], out[740 - 741]
		processing action Stand_with_weapon:  in[0 - 62], out[750 - 812]
		processing action Stand_with_weapon.001:  in[0 - 60], out[820 - 880]
		processing action Stand_with_weapon.002:  in[0 - 60], out[890 - 950]
		processing action Stand_with_weapon.003:  in[0 - 60], out[960 - 1020]
		processing action Stand_with_weapon.004:  in[0 - 62], out[1030 - 1092]
		processing action Stand_with_weapon.005:  in[0 - 60], out[1100 - 1160]
		processing action Walk:  in[0 - 20], out[1170 - 1190]
		processing action Walk.001:  in[0 - 20], out[1200 - 1220]
		processing action Walk.002:  in[0 - 20], out[1230 - 1250]
	WARNING: The following armature not visible in scene thus ignored: metarig.001
	processing begun of skeleton:  metarig.002, id:  1
		processing begun of bone:  root, index:  0
		processing begun of bone:  heel.L, index:  1
		processing begun of bone:  foot.L, index:  2
		processing begun of bone:  heel.R, index:  3
		processing begun of bone:  foot.R, index:  4
		processing begun of bone:  hips, index:  5
		processing begun of bone:  spine, index:  6
		processing begun of bone:  chest, index:  7
		processing begun of bone:  neck, index:  8
		processing begun of bone:  head, index:  9
		processing begun of bone:  shoulder.L, index:  10
		processing begun of bone:  upper_arm.L, index:  11
		processing begun of bone:  forearm.L, index:  12
		processing begun of bone:  hand.L, index:  13
		processing begun of bone:  Finger_Bone1.L, index:  14
		processing begun of bone:  Finger_Bone2.L, index:  15
		processing begun of bone:  Finger_Bone3.L, index:  16
		processing begun of bone:  Finger_Bone4.L, index:  17
		processing begun of bone:  shield.bone, index:  18
		processing begun of bone:  shoulder.R, index:  19
		processing begun of bone:  upper_arm.R, index:  20
		processing begun of bone:  forearm.R, index:  21
		processing begun of bone:  hand.R, index:  22
		processing begun of bone:  Finger_Bone1.R, index:  23
		processing begun of bone:  Finger_Bone2.R, index:  24
		processing begun of bone:  weapon.bone, index:  25
		processing begun of bone:  Finger_Bone3.R, index:  26
		processing begun of bone:  Finger_Bone4.R, index:  27
		processing begun of bone:  thigh.L, index:  28
		processing begun of bone:  shin.L, index:  29
		processing begun of bone:  thigh.R, index:  30
		processing begun of bone:  shin.R, index:  31
		processing action Attack:  in[0 - 18], out[0 - 18]
		processing action Attack.001:  in[0 - 18], out[30 - 48]
		processing action Attack.002:  in[0 - 18], out[60 - 78]
		processing action Attack.003:  in[0 - 18], out[90 - 108]
		processing action Attack.004:  in[0 - 18], out[120 - 138]
		processing action Attack02:  in[0 - 17], out[150 - 167]
		processing action Attack02.001:  in[0 - 17], out[180 - 197]
		processing action Attack02.002:  in[0 - 17], out[210 - 227]
		processing action Attack02.003:  in[0 - 17], out[240 - 257]
		processing action Run:  in[0 - 20], out[270 - 290]
		processing action Run.000:  in[0 - 20], out[300 - 320]
		processing action Run.001:  in[0 - 20], out[330 - 350]
		processing action Run.002:  in[0 - 20], out[360 - 380]
		processing action Run.003:  in[0 - 20], out[390 - 410]
		processing action Run.004:  in[0 - 20], out[420 - 440]
		processing action Run.005:  in[0 - 20], out[450 - 470]
		processing action Select:  in[0 - 18], out[480 - 498]
		processing action Select.001:  in[0 - 18], out[510 - 528]
		processing action Select.002:  in[0 - 18], out[540 - 558]
		processing action Select.003:  in[0 - 18], out[570 - 588]
		processing action Select.004:  in[0 - 18], out[600 - 618]
		processing action Skill02:  in[0 - 10], out[630 - 640]
		processing action Skill02.001:  in[0 - 10], out[650 - 660]
		processing action Skill02.002:  in[0 - 10], out[670 - 680]
		processing action Skill02.003:  in[0 - 10], out[690 - 700]
		processing action stand:  in[0 - 1], out[710 - 711]
		processing action stand.001:  in[0 - 1], out[720 - 721]
		processing action stand.002:  in[0 - 1], out[730 - 731]
		processing action stand.003:  in[0 - 1], out[740 - 741]
		processing action Stand_with_weapon:  in[0 - 62], out[750 - 812]
		processing action Stand_with_weapon.001:  in[0 - 60], out[820 - 880]
		processing action Stand_with_weapon.002:  in[0 - 60], out[890 - 950]
		processing action Stand_with_weapon.003:  in[0 - 60], out[960 - 1020]
		processing action Stand_with_weapon.004:  in[0 - 62], out[1030 - 1092]
		processing action Stand_with_weapon.005:  in[0 - 60], out[1100 - 1160]
		processing action Walk:  in[0 - 20], out[1170 - 1190]
		processing action Walk.001:  in[0 - 20], out[1200 - 1220]
		processing action Walk.002:  in[0 - 20], out[1230 - 1250]
	processing begun of mesh:  Skeleton.001
		processing begun of Standard material:  Material.002
		num positions      :  647
		num normals        :  647
		num uvs            :  0
		num uvs2           :  0
		num colors         :  0
		num indices        :  3648
		WARNING: # of 0 area faces found:  4
	processing begun of mesh:  SkeletonLineUpSmall
		processing begun of Standard material:  SkeletonLineUpSmall
			Diffuse texture found "SkeletonLineUpSmall"
				Image texture found, type:  diffuseTexture, mapped using: "UVMap"
				WARNING: Opacity non-std way to indicate opacity, use material alpha to also use Opacity texture
		num positions      :  4
		num normals        :  4
		num uvs            :  8
		num uvs2           :  0
		num colors         :  0
		num indices        :  6
	WARNING: The following camera not visible in scene thus ignored: Camera
	processing begun of mesh:  Warrior
		processing begun of Standard material:  texture
			Diffuse texture found "Texture.002"
				Image texture found, type:  diffuseTexture, mapped using: "UVMap"
		num positions      :  1522
		num normals        :  1522
		num uvs            :  3044
		num uvs2           :  0
		num colors         :  0
		num indices        :  3258
	processing begun of mesh:  Armor.001
		processing begun of Standard material:  Armor
		num positions      :  372
		num normals        :  372
		num uvs            :  744
		num uvs2           :  0
		num colors         :  0
		num indices        :  690
	processing begun of mesh:  Armor
		processing begun of Standard material:  Material.013
			Diffuse texture found "Texture.009"
				Image texture found, type:  diffuseTexture, mapped using: "UVMap"
		num positions      :  373
		num normals        :  373
		num uvs            :  746
		num uvs2           :  0
		num colors         :  0
		num indices        :  690
	processing begun of mesh:  Axe.001
		animation processing begun
			processing action Attack:  in[0 - 18], out[0 - 18]
			processing action Attack.001:  in[0 - 18], out[30 - 48]
			processing action Attack.002:  in[0 - 18], out[60 - 78]
			processing action Attack.003:  in[0 - 18], out[90 - 108]
			processing action Attack.004:  in[0 - 18], out[120 - 138]
			processing action Attack02:  in[0 - 17], out[150 - 167]
			processing action Attack02.001:  in[0 - 17], out[180 - 197]
			processing action Attack02.002:  in[0 - 17], out[210 - 227]
			processing action Attack02.003:  in[0 - 17], out[240 - 257]
			processing action Run:  in[0 - 20], out[270 - 290]
			processing action Run.000:  in[0 - 20], out[300 - 320]
			processing action Run.001:  in[0 - 20], out[330 - 350]
			processing action Run.002:  in[0 - 20], out[360 - 380]
			processing action Run.003:  in[0 - 20], out[390 - 410]
			processing action Run.004:  in[0 - 20], out[420 - 440]
			processing action Run.005:  in[0 - 20], out[450 - 470]
			processing action Select:  in[0 - 18], out[480 - 498]
			processing action Select.001:  in[0 - 18], out[510 - 528]
			processing action Select.002:  in[0 - 18], out[540 - 558]
			processing action Select.003:  in[0 - 18], out[570 - 588]
			processing action Select.004:  in[0 - 18], out[600 - 618]
			processing action Skill02:  in[0 - 10], out[630 - 640]
			processing action Skill02.001:  in[0 - 10], out[650 - 660]
			processing action Skill02.002:  in[0 - 10], out[670 - 680]
			processing action Skill02.003:  in[0 - 10], out[690 - 700]
			processing action stand:  in[0 - 0], out[710 - 710]
			processing action stand.001:  in[0 - 0], out[720 - 720]
			processing action stand.002:  in[0 - 0], out[730 - 730]
			processing action stand.003:  in[0 - 0], out[740 - 740]
			processing action Stand_with_weapon:  in[0 - 62], out[750 - 812]
			processing action Stand_with_weapon.001:  in[0 - 60], out[820 - 880]
			processing action Stand_with_weapon.002:  in[0 - 60], out[890 - 950]
			processing action Stand_with_weapon.003:  in[0 - 60], out[960 - 1020]
			processing action Stand_with_weapon.004:  in[0 - 62], out[1030 - 1092]
			processing action Stand_with_weapon.005:  in[0 - 60], out[1100 - 1160]
			processing action Walk:  in[0 - 20], out[1170 - 1190]
			processing action Walk.001:  in[0 - 20], out[1200 - 1220]
			processing action Walk.002:  in[0 - 20], out[1230 - 1250]
		processing begun of Standard material:  Material.008
		processing begun of Standard material:  Material.009
		processing begun of multimaterial:  Skeleton.Multimaterial#0
		num positions      :  150
		num normals        :  150
		num uvs            :  0
		num uvs2           :  0
		num colors         :  0
		num indices        :  780
	processing begun of mesh:  Axe
		animation processing begun
			processing action Attack:  in[0 - 18], out[0 - 18]
			processing action Attack.001:  in[0 - 18], out[30 - 48]
			processing action Attack.002:  in[0 - 18], out[60 - 78]
			processing action Attack.003:  in[0 - 18], out[90 - 108]
			processing action Attack.004:  in[0 - 18], out[120 - 138]
			processing action Attack02:  in[0 - 17], out[150 - 167]
			processing action Attack02.001:  in[0 - 17], out[180 - 197]
			processing action Attack02.002:  in[0 - 17], out[210 - 227]
			processing action Attack02.003:  in[0 - 17], out[240 - 257]
			processing action Run:  in[0 - 20], out[270 - 290]
			processing action Run.000:  in[0 - 20], out[300 - 320]
			processing action Run.001:  in[0 - 20], out[330 - 350]
			processing action Run.002:  in[0 - 20], out[360 - 380]
			processing action Run.003:  in[0 - 20], out[390 - 410]
			processing action Run.004:  in[0 - 20], out[420 - 440]
			processing action Run.005:  in[0 - 20], out[450 - 470]
			processing action Select:  in[0 - 18], out[480 - 498]
			processing action Select.001:  in[0 - 18], out[510 - 528]
			processing action Select.002:  in[0 - 18], out[540 - 558]
			processing action Select.003:  in[0 - 18], out[570 - 588]
			processing action Select.004:  in[0 - 18], out[600 - 618]
			processing action Skill02:  in[0 - 10], out[630 - 640]
			processing action Skill02.001:  in[0 - 10], out[650 - 660]
			processing action Skill02.002:  in[0 - 10], out[670 - 680]
			processing action Skill02.003:  in[0 - 10], out[690 - 700]
			processing action stand:  in[0 - 0], out[710 - 710]
			processing action stand.001:  in[0 - 0], out[720 - 720]
			processing action stand.002:  in[0 - 0], out[730 - 730]
			processing action stand.003:  in[0 - 0], out[740 - 740]
			processing action Stand_with_weapon:  in[0 - 62], out[750 - 812]
			processing action Stand_with_weapon.001:  in[0 - 60], out[820 - 880]
			processing action Stand_with_weapon.002:  in[0 - 60], out[890 - 950]
			processing action Stand_with_weapon.003:  in[0 - 60], out[960 - 1020]
			processing action Stand_with_weapon.004:  in[0 - 62], out[1030 - 1092]
			processing action Stand_with_weapon.005:  in[0 - 60], out[1100 - 1160]
			processing action Walk:  in[0 - 20], out[1170 - 1190]
			processing action Walk.001:  in[0 - 20], out[1200 - 1220]
			processing action Walk.002:  in[0 - 20], out[1230 - 1250]
		processing begun of Standard material:  Material.011
		processing begun of Standard material:  Material.004
		processing begun of Standard material:  Material.005
		processing begun of multimaterial:  Skeleton.Multimaterial#1
		num positions      :  194
		num normals        :  194
		num uvs            :  388
		num uvs2           :  0
		num colors         :  0
		num indices        :  348
	processing begun of mesh:  Helm
		processing begun of Standard material:  Hair
			Diffuse texture found "Texture.004"
				Image texture found, type:  diffuseTexture, mapped using: "UVMap"
		processing begun of Standard material:  Gloves
			Diffuse texture found "Texture.011"
				Image texture found, type:  diffuseTexture, mapped using: "UVMap"
		processing begun of Standard material:  Material.007
		processing begun of multimaterial:  Skeleton.Multimaterial#2
		num positions      :  26
		num normals        :  26
		num uvs            :  52
		num uvs2           :  0
		num colors         :  104
		num indices        :  132
	processing begun of mesh:  Hood
		processing begun of Standard material:  Material.006
			Diffuse texture found "Texture.008"
				Image texture found, type:  diffuseTexture, mapped using: "UVMap"
		num positions      :  125
		num normals        :  125
		num uvs            :  250
		num uvs2           :  0
		num colors         :  0
		num indices        :  270
	processing begun of mesh:  Helm.001
		processing begun of Standard material:  Material.000
			Diffuse texture found "Texture.003"
				Image texture found, type:  diffuseTexture, mapped using: "UVMap"
		num positions      :  176
		num normals        :  176
		num uvs            :  352
		num uvs2           :  0
		num colors         :  0
		num indices        :  474
	processing begun of mesh:  Skull
		registered as also a user of material:  Material.002
		num positions      :  646
		num normals        :  646
		num uvs            :  0
		num uvs2           :  0
		num colors         :  0
		num indices        :  2241
	processing begun of mesh:  Skeleton
		registered as also a user of material:  Material.002
		processing begun of Standard material:  Sash
			Diffuse texture found "Texture.005"
				Image texture found, type:  diffuseTexture, mapped using: "UVMap"
				WARNING: Opacity non-std way to indicate opacity, use material alpha to also use Opacity texture
		registered as also a user of material:  Armor
		processing begun of Standard material:  Material.010
			Diffuse texture found "Texture.007"
				Image texture found, type:  diffuseTexture, mapped using: "UVMap"
		processing begun of multimaterial:  Skeleton.Multimaterial#3
		num positions      :  1743
		num normals        :  1743
		num uvs            :  3486
		num uvs2           :  0
		num colors         :  0
		num indices        :  8031
		Skeleton stats:  
			Total Influencers:  4692
			Avg # of influencers per vertex:  2.6919
			Highest # of influencers observed:  8, num vertices with this:  61
			exported as 8 influencers
			num skeletonWeights and skeletonIndices:  13944
	processing begun of mesh:  skeletonMedium
	WARNING: No skeleton with name "metarig.001" found skeleton ignored.
		processing begun of Standard material:  Material.018
		processing begun of Standard material:  Sash.001
			Diffuse texture found "Texture.006"
				Image texture found, type:  diffuseTexture, mapped using: "UVMap"
				WARNING: Opacity non-std way to indicate opacity, use material alpha to also use Opacity texture
		processing begun of Standard material:  Armor.001
		processing begun of Standard material:  Material.012
			Diffuse texture found "Texture.001"
				Image texture found, type:  diffuseTexture, mapped using: "UVMap"
		processing begun of Standard material:  Material.019
			Diffuse texture found "Texture.012"
				Image texture found, type:  diffuseTexture, mapped using: "UVMap"
		processing begun of multimaterial:  Skeleton.Multimaterial#4
		num positions      :  1951
		num normals        :  1951
		num uvs            :  3902
		num uvs2           :  0
		num colors         :  0
		num indices        :  8607
	processing begun of mesh:  skeletonMedium.001
		processing begun of Standard material:  Material.022
		processing begun of Standard material:  Sash.002
			Diffuse texture found "Texture.016"
				Image texture found, type:  diffuseTexture, mapped using: "UVMap"
				WARNING: Opacity non-std way to indicate opacity, use material alpha to also use Opacity texture
		processing begun of Standard material:  Armor.002
		processing begun of Standard material:  Material.021
			Diffuse texture found "Texture.014"
				Image texture found, type:  diffuseTexture, mapped using: "UVMap"
		processing begun of Standard material:  Material.020
			Diffuse texture found "Texture.013"
				Image texture found, type:  diffuseTexture, mapped using: "UVMap"
		processing begun of multimaterial:  Skeleton.Multimaterial#5
		num positions      :  1951
		num normals        :  1951
		num uvs            :  3902
		num uvs2           :  0
		num colors         :  0
		num indices        :  8607
		Skeleton stats:  
			Total Influencers:  6003
			Avg # of influencers per vertex:  3.0769
			Highest # of influencers observed:  8, num vertices with this:  61
			exported as 8 influencers
			num skeletonWeights and skeletonIndices:  15608
	WARNING: The following lamp not visible in scene thus ignored: Sun
	WARNING: The following lamp not visible in scene thus ignored: Lamp
========= Writing of scene file started =========
========= Writing of scene file completed =========
========= end of processing =========
elapsed time:  1 min, 13.529 secs
