Exporter version: 5.3-beta, Blender version: 2.78 (sub 0)
========= Conversion from Blender to Babylon.js =========
	Scene settings used:
		selected layers only:  false
		flat shading entire scene:  false
		inline textures:  false
		texture directory:  F:\Slavs\Babylon\Maps\map01\
	Python World class constructor completed
	processing begun of mesh:  Spider_web.001
		processing begun of Standard material:  Spider_web
			Diffuse texture found "Spider_web"
				Image texture found, type:  diffuseTexture, mapped using: "UVMap"
				WARNING: Opacity non-std way to indicate opacity, use material alpha to also use Opacity texture
		num positions      :  4
		num normals        :  4
		num uvs            :  8
		num uvs2           :  0
		num colors         :  0
		num indices        :  6
	processing begun of mesh:  Bush_group.022
		processing begun of Standard material:  Bush1.001
			Diffuse texture found "Bush1.001"
				Image texture found, type:  diffuseTexture, mapped using: "UVMap"
				WARNING: Opacity non-std way to indicate opacity, use material alpha to also use Opacity texture
		num positions      :  36
		num normals        :  36
		num uvs            :  72
		num uvs2           :  0
		num colors         :  0
		num indices        :  96
	processing begun of mesh:  Bush_group.021
		registered as also a user of material:  Bush1.001
		num positions      :  36
		num normals        :  36
		num uvs            :  72
		num uvs2           :  0
		num colors         :  0
		num indices        :  96
	processing begun of mesh:  choinka.028
		processing begun of Standard material:  korona2
			Diffuse texture found "korona2"
				Image texture found, type:  diffuseTexture, mapped using: "UVMap"
				WARNING: Opacity non-std way to indicate opacity, use material alpha to also use Opacity texture
		processing begun of Standard material:  root
			Diffuse texture found "Texture.001"
				Image texture found, type:  diffuseTexture, mapped using: "UVMap"
		processing begun of multimaterial:  map01.Multimaterial#0
		num positions      :  479
		num normals        :  479
		num uvs            :  958
		num uvs2           :  0
		num colors         :  0
		num indices        :  768
	processing begun of mesh:  choinka.027
		registered as also a user of material:  korona2
		registered as also a user of material:  root
		processing begun of multimaterial:  map01.Multimaterial#1
		num positions      :  479
		num normals        :  479
		num uvs            :  958
		num uvs2           :  0
		num colors         :  0
		num indices        :  768
	processing begun of mesh:  choinka.026
		registered as also a user of material:  korona2
		registered as also a user of material:  root
		processing begun of multimaterial:  map01.Multimaterial#2
		num positions      :  479
		num normals        :  479
		num uvs            :  958
		num uvs2           :  0
		num colors         :  0
		num indices        :  768
	processing begun of mesh:  choinka.025
		registered as also a user of material:  korona2
		registered as also a user of material:  root
		processing begun of multimaterial:  map01.Multimaterial#3
		num positions      :  479
		num normals        :  479
		num uvs            :  958
		num uvs2           :  0
		num colors         :  0
		num indices        :  768
	processing begun of mesh:  choinka.024
		registered as also a user of material:  korona2
		registered as also a user of material:  root
		processing begun of multimaterial:  map01.Multimaterial#4
		num positions      :  479
		num normals        :  479
		num uvs            :  958
		num uvs2           :  0
		num colors         :  0
		num indices        :  768
	processing begun of mesh:  Bush_group.020
		registered as also a user of material:  Bush1.001
		num positions      :  36
		num normals        :  36
		num uvs            :  72
		num uvs2           :  0
		num colors         :  0
		num indices        :  96
	processing begun of mesh:  Bush_group.019
		registered as also a user of material:  Bush1.001
		num positions      :  36
		num normals        :  36
		num uvs            :  72
		num uvs2           :  0
		num colors         :  0
		num indices        :  96
	processing begun of mesh:  Bush_group.018
		registered as also a user of material:  Bush1.001
		num positions      :  36
		num normals        :  36
		num uvs            :  72
		num uvs2           :  0
		num colors         :  0
		num indices        :  96
	processing begun of mesh:  Bush_group.017
		registered as also a user of material:  Bush1.001
		num positions      :  36
		num normals        :  36
		num uvs            :  72
		num uvs2           :  0
		num colors         :  0
		num indices        :  96
	processing begun of mesh:  Bush_group.016
		registered as also a user of material:  Bush1.001
		num positions      :  36
		num normals        :  36
		num uvs            :  72
		num uvs2           :  0
		num colors         :  0
		num indices        :  96
	processing begun of mesh:  Cube.002
		processing begun of Standard material:  Material.002
			Diffuse texture found "Tex.002"
				Image texture found, type:  diffuseTexture, mapped using: "UVMap"
		num positions      :  188
		num normals        :  188
		num uvs            :  376
		num uvs2           :  0
		num colors         :  0
		num indices        :  324
	processing begun of mesh:  Cube.001
		registered as also a user of material:  Material.002
		num positions      :  188
		num normals        :  188
		num uvs            :  376
		num uvs2           :  0
		num colors         :  0
		num indices        :  324
	processing begun of mesh:  Huba.001
		processing begun of Standard material:  Huba
			Diffuse texture found "Huba"
				Image texture found, type:  diffuseTexture, mapped using: "UVMap"
				WARNING: Opacity non-std way to indicate opacity, use material alpha to also use Opacity texture
		num positions      :  9
		num normals        :  9
		num uvs            :  18
		num uvs2           :  0
		num colors         :  0
		num indices        :  24
	processing begun of mesh:  Grass_slim.004
		processing begun of Standard material:  Grass_slim
			Diffuse texture found "Grass_slim"
				Image texture found, type:  diffuseTexture, mapped using: "UVMap"
				WARNING: Opacity non-std way to indicate opacity, use material alpha to also use Opacity texture
		num positions      :  16
		num normals        :  16
		num uvs            :  32
		num uvs2           :  0
		num colors         :  0
		num indices        :  24
	processing begun of mesh:  Grass_slim.003
		registered as also a user of material:  Grass_slim
		num positions      :  16
		num normals        :  16
		num uvs            :  32
		num uvs2           :  0
		num colors         :  0
		num indices        :  24
	processing begun of mesh:  Grass_slim.002
		registered as also a user of material:  Grass_slim
		num positions      :  16
		num normals        :  16
		num uvs            :  32
		num uvs2           :  0
		num colors         :  0
		num indices        :  24
	processing begun of mesh:  Grass_slim.001
		registered as also a user of material:  Grass_slim
		num positions      :  16
		num normals        :  16
		num uvs            :  32
		num uvs2           :  0
		num colors         :  0
		num indices        :  24
	processing begun of mesh:  Log_old.001
		processing begun of Standard material:  Log_old
			Diffuse texture found "Log_old"
				Image texture found, type:  diffuseTexture, mapped using: "UVMap"
		num positions      :  312
		num normals        :  312
		num uvs            :  624
		num uvs2           :  0
		num colors         :  0
		num indices        :  444
	processing begun of mesh:  Bush_group.015
		registered as also a user of material:  Bush1.001
		num positions      :  36
		num normals        :  36
		num uvs            :  72
		num uvs2           :  0
		num colors         :  0
		num indices        :  96
	processing begun of mesh:  Bush_group.014
		registered as also a user of material:  Bush1.001
		num positions      :  36
		num normals        :  36
		num uvs            :  72
		num uvs2           :  0
		num colors         :  0
		num indices        :  96
	processing begun of mesh:  Bush_group.013
		registered as also a user of material:  Bush1.001
		num positions      :  36
		num normals        :  36
		num uvs            :  72
		num uvs2           :  0
		num colors         :  0
		num indices        :  96
	processing begun of mesh:  Bush_group.012
		registered as also a user of material:  Bush1.001
		num positions      :  36
		num normals        :  36
		num uvs            :  72
		num uvs2           :  0
		num colors         :  0
		num indices        :  96
	processing begun of mesh:  Bush_group.011
		registered as also a user of material:  Bush1.001
		num positions      :  36
		num normals        :  36
		num uvs            :  72
		num uvs2           :  0
		num colors         :  0
		num indices        :  96
	processing begun of mesh:  Bush_group.010
		registered as also a user of material:  Bush1.001
		num positions      :  36
		num normals        :  36
		num uvs            :  72
		num uvs2           :  0
		num colors         :  0
		num indices        :  96
	processing begun of mesh:  Bush_group.009
		registered as also a user of material:  Bush1.001
		num positions      :  36
		num normals        :  36
		num uvs            :  72
		num uvs2           :  0
		num colors         :  0
		num indices        :  96
	processing begun of mesh:  Bush_group.008
		registered as also a user of material:  Bush1.001
		num positions      :  36
		num normals        :  36
		num uvs            :  72
		num uvs2           :  0
		num colors         :  0
		num indices        :  96
	processing begun of mesh:  Bush_group.007
		registered as also a user of material:  Bush1.001
		num positions      :  36
		num normals        :  36
		num uvs            :  72
		num uvs2           :  0
		num colors         :  0
		num indices        :  96
	processing begun of mesh:  Bush_group.006
		registered as also a user of material:  Bush1.001
		num positions      :  36
		num normals        :  36
		num uvs            :  72
		num uvs2           :  0
		num colors         :  0
		num indices        :  96
	processing begun of mesh:  Bush_group.005
		registered as also a user of material:  Bush1.001
		num positions      :  36
		num normals        :  36
		num uvs            :  72
		num uvs2           :  0
		num colors         :  0
		num indices        :  96
	processing begun of mesh:  Bush_group.004
		registered as also a user of material:  Bush1.001
		num positions      :  36
		num normals        :  36
		num uvs            :  72
		num uvs2           :  0
		num colors         :  0
		num indices        :  96
	processing begun of mesh:  Bush_group.003
		registered as also a user of material:  Bush1.001
		num positions      :  36
		num normals        :  36
		num uvs            :  72
		num uvs2           :  0
		num colors         :  0
		num indices        :  96
	processing begun of mesh:  Bush_group.002
		registered as also a user of material:  Bush1.001
		num positions      :  36
		num normals        :  36
		num uvs            :  72
		num uvs2           :  0
		num colors         :  0
		num indices        :  96
	processing begun of mesh:  Bush_group.001
		registered as also a user of material:  Bush1.001
		num positions      :  36
		num normals        :  36
		num uvs            :  72
		num uvs2           :  0
		num colors         :  0
		num indices        :  96
	processing begun of mesh:  Log_space.001
		processing begun of Standard material:  Log
			Diffuse texture found "Tex"
				Image texture found, type:  diffuseTexture, mapped using: "UVMap"
		num positions      :  671
		num normals        :  671
		num uvs            :  1342
		num uvs2           :  0
		num colors         :  0
		num indices        :  1008
	processing begun of mesh:  choinka.023
		registered as also a user of material:  korona2
		registered as also a user of material:  root
		processing begun of multimaterial:  map01.Multimaterial#5
		num positions      :  479
		num normals        :  479
		num uvs            :  958
		num uvs2           :  0
		num colors         :  0
		num indices        :  768
	processing begun of mesh:  choinka.022
		registered as also a user of material:  korona2
		registered as also a user of material:  root
		processing begun of multimaterial:  map01.Multimaterial#6
		num positions      :  479
		num normals        :  479
		num uvs            :  958
		num uvs2           :  0
		num colors         :  0
		num indices        :  768
	processing begun of mesh:  choinka.021
		registered as also a user of material:  korona2
		registered as also a user of material:  root
		processing begun of multimaterial:  map01.Multimaterial#7
		num positions      :  479
		num normals        :  479
		num uvs            :  958
		num uvs2           :  0
		num colors         :  0
		num indices        :  768
	processing begun of mesh:  choinka.020
		registered as also a user of material:  korona2
		registered as also a user of material:  root
		processing begun of multimaterial:  map01.Multimaterial#8
		num positions      :  479
		num normals        :  479
		num uvs            :  958
		num uvs2           :  0
		num colors         :  0
		num indices        :  768
	processing begun of mesh:  choinka.019
		registered as also a user of material:  korona2
		registered as also a user of material:  root
		processing begun of multimaterial:  map01.Multimaterial#9
		num positions      :  479
		num normals        :  479
		num uvs            :  958
		num uvs2           :  0
		num colors         :  0
		num indices        :  768
	processing begun of mesh:  choinka.018
		registered as also a user of material:  korona2
		registered as also a user of material:  root
		processing begun of multimaterial:  map01.Multimaterial#10
		num positions      :  479
		num normals        :  479
		num uvs            :  958
		num uvs2           :  0
		num colors         :  0
		num indices        :  768
	processing begun of mesh:  choinka.017
		registered as also a user of material:  korona2
		registered as also a user of material:  root
		processing begun of multimaterial:  map01.Multimaterial#11
		num positions      :  479
		num normals        :  479
		num uvs            :  958
		num uvs2           :  0
		num colors         :  0
		num indices        :  768
	processing begun of mesh:  choinka.016
		registered as also a user of material:  korona2
		registered as also a user of material:  root
		processing begun of multimaterial:  map01.Multimaterial#12
		num positions      :  479
		num normals        :  479
		num uvs            :  958
		num uvs2           :  0
		num colors         :  0
		num indices        :  768
	processing begun of mesh:  Stone_medium.002
		processing begun of Standard material:  Material.001
			Diffuse texture found "Texture.003"
				Image texture found, type:  diffuseTexture, mapped using: "UVMap"
		num positions      :  187
		num normals        :  187
		num uvs            :  374
		num uvs2           :  0
		num colors         :  0
		num indices        :  360
	processing begun of mesh:  Sage_group.001
		processing begun of Standard material:  Sage
			Diffuse texture found "Sage"
				Image texture found, type:  diffuseTexture, mapped using: "UVMap"
				WARNING: Opacity non-std way to indicate opacity, use material alpha to also use Opacity texture
		processing begun of Standard material:  Sage_rev
			Diffuse texture found "Sage_rev"
				Image texture found, type:  diffuseTexture, mapped using: "UVMap"
				WARNING: Opacity non-std way to indicate opacity, use material alpha to also use Opacity texture
		processing begun of multimaterial:  map01.Multimaterial#13
		num positions      :  44
		num normals        :  44
		num uvs            :  88
		num uvs2           :  0
		num colors         :  0
		num indices        :  66
	processing begun of mesh:  Stone_medium.001
		registered as also a user of material:  Material.001
		num positions      :  187
		num normals        :  187
		num uvs            :  374
		num uvs2           :  0
		num colors         :  0
		num indices        :  360
	processing begun of mesh:  Fireplace
		processing begun of Standard material:  Stone_small
			Diffuse texture found "Tex.001"
				Image texture found, type:  diffuseTexture, mapped using: "UVMap"
		num positions      :  1588
		num normals        :  1588
		num uvs            :  3176
		num uvs2           :  0
		num colors         :  0
		num indices        :  2640
	processing begun of mesh:  choinka.015
		registered as also a user of material:  korona2
		registered as also a user of material:  root
		processing begun of multimaterial:  map01.Multimaterial#14
		num positions      :  479
		num normals        :  479
		num uvs            :  958
		num uvs2           :  0
		num colors         :  0
		num indices        :  768
	processing begun of mesh:  choinka.014
		registered as also a user of material:  korona2
		registered as also a user of material:  root
		processing begun of multimaterial:  map01.Multimaterial#15
		num positions      :  479
		num normals        :  479
		num uvs            :  958
		num uvs2           :  0
		num colors         :  0
		num indices        :  768
	processing begun of mesh:  choinka.013
		registered as also a user of material:  korona2
		registered as also a user of material:  root
		processing begun of multimaterial:  map01.Multimaterial#16
		num positions      :  479
		num normals        :  479
		num uvs            :  958
		num uvs2           :  0
		num colors         :  0
		num indices        :  768
	processing begun of mesh:  choinka.012
		registered as also a user of material:  korona2
		registered as also a user of material:  root
		processing begun of multimaterial:  map01.Multimaterial#17
		num positions      :  479
		num normals        :  479
		num uvs            :  958
		num uvs2           :  0
		num colors         :  0
		num indices        :  768
	processing begun of mesh:  choinka.011
		registered as also a user of material:  korona2
		registered as also a user of material:  root
		processing begun of multimaterial:  map01.Multimaterial#18
		num positions      :  479
		num normals        :  479
		num uvs            :  958
		num uvs2           :  0
		num colors         :  0
		num indices        :  768
	processing begun of mesh:  choinka.010
		registered as also a user of material:  korona2
		registered as also a user of material:  root
		processing begun of multimaterial:  map01.Multimaterial#19
		num positions      :  479
		num normals        :  479
		num uvs            :  958
		num uvs2           :  0
		num colors         :  0
		num indices        :  768
	processing begun of mesh:  choinka.009
		registered as also a user of material:  korona2
		registered as also a user of material:  root
		processing begun of multimaterial:  map01.Multimaterial#20
		num positions      :  479
		num normals        :  479
		num uvs            :  958
		num uvs2           :  0
		num colors         :  0
		num indices        :  768
	processing begun of mesh:  choinka.008
		registered as also a user of material:  korona2
		registered as also a user of material:  root
		processing begun of multimaterial:  map01.Multimaterial#21
		num positions      :  479
		num normals        :  479
		num uvs            :  958
		num uvs2           :  0
		num colors         :  0
		num indices        :  768
	processing begun of mesh:  choinka.007
		registered as also a user of material:  korona2
		registered as also a user of material:  root
		processing begun of multimaterial:  map01.Multimaterial#22
		num positions      :  479
		num normals        :  479
		num uvs            :  958
		num uvs2           :  0
		num colors         :  0
		num indices        :  768
	processing begun of mesh:  choinka.006
		registered as also a user of material:  korona2
		registered as also a user of material:  root
		processing begun of multimaterial:  map01.Multimaterial#23
		num positions      :  479
		num normals        :  479
		num uvs            :  958
		num uvs2           :  0
		num colors         :  0
		num indices        :  768
	processing begun of mesh:  choinka.005
		registered as also a user of material:  korona2
		registered as also a user of material:  root
		processing begun of multimaterial:  map01.Multimaterial#24
		num positions      :  479
		num normals        :  479
		num uvs            :  958
		num uvs2           :  0
		num colors         :  0
		num indices        :  768
	processing begun of mesh:  choinka.004
		registered as also a user of material:  korona2
		registered as also a user of material:  root
		processing begun of multimaterial:  map01.Multimaterial#25
		num positions      :  479
		num normals        :  479
		num uvs            :  958
		num uvs2           :  0
		num colors         :  0
		num indices        :  768
	processing begun of mesh:  choinka.003
		registered as also a user of material:  korona2
		registered as also a user of material:  root
		processing begun of multimaterial:  map01.Multimaterial#26
		num positions      :  479
		num normals        :  479
		num uvs            :  958
		num uvs2           :  0
		num colors         :  0
		num indices        :  768
	processing begun of mesh:  choinka.002
		registered as also a user of material:  korona2
		registered as also a user of material:  root
		processing begun of multimaterial:  map01.Multimaterial#27
		num positions      :  479
		num normals        :  479
		num uvs            :  958
		num uvs2           :  0
		num colors         :  0
		num indices        :  768
	processing begun of mesh:  choinka.001
		registered as also a user of material:  korona2
		registered as also a user of material:  root
		processing begun of multimaterial:  map01.Multimaterial#28
		num positions      :  479
		num normals        :  479
		num uvs            :  958
		num uvs2           :  0
		num colors         :  0
		num indices        :  768
	processing begun of mesh:  Forest_ground
		processing begun of Standard material:  Forest_ground
			Diffuse texture found "Forest_ground"
				Image texture found, type:  diffuseTexture, mapped using: "UVMap"
		num positions      :  4
		num normals        :  4
		num uvs            :  8
		num uvs2           :  0
		num colors         :  0
		num indices        :  6
	WARNING: The following camera not visible in scene thus ignored: Camera
	processing begun of mesh:  choinka
		registered as also a user of material:  korona2
		registered as also a user of material:  root
		processing begun of multimaterial:  map01.Multimaterial#29
		num positions      :  479
		num normals        :  479
		num uvs            :  958
		num uvs2           :  0
		num colors         :  0
		num indices        :  768
	processing begun of mesh:  Stone_large
		processing begun of Standard material:  Stona_large
			Diffuse texture found "Texture.002"
				Image texture found, type:  diffuseTexture, mapped using: "UVMap"
		num positions      :  96
		num normals        :  96
		num uvs            :  192
		num uvs2           :  0
		num colors         :  0
		num indices        :  180
	processing begun of mesh:  Stone_medium
		registered as also a user of material:  Material.001
		num positions      :  93
		num normals        :  93
		num uvs            :  186
		num uvs2           :  0
		num colors         :  0
		num indices        :  180
	processing begun of mesh:  Fern_group
		processing begun of Standard material:  Fern
			Diffuse texture found "Fern"
				Image texture found, type:  diffuseTexture, mapped using: "UVMap"
				WARNING: Opacity non-std way to indicate opacity, use material alpha to also use Opacity texture
		num positions      :  120
		num normals        :  120
		num uvs            :  240
		num uvs2           :  0
		num colors         :  0
		num indices        :  384
	processing begun of mesh:  Log.004
		registered as also a user of material:  Log
		num positions      :  283
		num normals        :  283
		num uvs            :  566
		num uvs2           :  0
		num colors         :  0
		num indices        :  420
	processing begun of mesh:  Grass_small
		processing begun of Standard material:  Grass_small.001
			Diffuse texture found "Grass_small.001"
				Image texture found, type:  diffuseTexture, mapped using: "UVMap"
				WARNING: Opacity non-std way to indicate opacity, use material alpha to also use Opacity texture
		num positions      :  24
		num normals        :  24
		num uvs            :  48
		num uvs2           :  0
		num colors         :  0
		num indices        :  36
	processing begun of mesh:  Bush_group
		registered as also a user of material:  Bush1.001
		num positions      :  36
		num normals        :  36
		num uvs            :  72
		num uvs2           :  0
		num colors         :  0
		num indices        :  96
	processing begun of mesh:  Tent_new
		processing begun of Standard material:  Material
		processing begun of Standard material:  Tent.001
			Diffuse texture found "Tex.003"
				Image texture found, type:  diffuseTexture, mapped using: "UVMap"
		processing begun of multimaterial:  map01.Multimaterial#30
		num positions      :  86
		num normals        :  86
		num uvs            :  172
		num uvs2           :  0
		num colors         :  0
		num indices        :  270
		WARNING: # of 0 area faces found:  1
	processing begun of mesh:  Log_old
		registered as also a user of material:  Log_old
		num positions      :  312
		num normals        :  312
		num uvs            :  624
		num uvs2           :  0
		num colors         :  0
		num indices        :  444
	processing begun of mesh:  Grass_slim
		registered as also a user of material:  Grass_slim
		num positions      :  16
		num normals        :  16
		num uvs            :  32
		num uvs2           :  0
		num colors         :  0
		num indices        :  24
	processing begun of mesh:  Huba
		registered as also a user of material:  Huba
		num positions      :  9
		num normals        :  9
		num uvs            :  18
		num uvs2           :  0
		num colors         :  0
		num indices        :  24
	processing begun of mesh:  Cube
		registered as also a user of material:  Material.002
		num positions      :  188
		num normals        :  188
		num uvs            :  376
		num uvs2           :  0
		num colors         :  0
		num indices        :  324
	processing begun of mesh:  Spider_web
		registered as also a user of material:  Spider_web
		num positions      :  4
		num normals        :  4
		num uvs            :  8
		num uvs2           :  0
		num colors         :  0
		num indices        :  6
	processing begun of light (SUN):  Point
========= Writing of files started =========
========= Writing of files completed =========
========= end of processing =========
elapsed time:  0 min, 11.752 secs
