Exporter version: 5.3-beta, Blender version: 2.78 (sub 0)
========= Conversion from Blender to Babylon.js =========
	Scene settings used:
		selected layers only:  false
		flat shading entire scene:  false
		inline textures:  false
		texture directory:  D:\Mietas\Slavs\Babylon\Characters\Warrior\
	Python World class constructor completed
	WARNING: No active camera has been assigned, or is not in a currently selected Blender layer
	processing begun of skeleton:  metarig, id:  0
		processing begun of bone:  root, index:  0
		processing begun of bone:  heel.L, index:  1
		processing begun of bone:  foot.L, index:  2
		processing begun of bone:  heel.R, index:  3
		processing begun of bone:  foot.R, index:  4
		processing begun of bone:  hips, index:  5
		processing begun of bone:  spine, index:  6
		processing begun of bone:  chest, index:  7
		processing begun of bone:  neck, index:  8
		processing begun of bone:  head, index:  9
		processing begun of bone:  shoulder.L, index:  10
		processing begun of bone:  upper_arm.L, index:  11
		processing begun of bone:  forearm.L, index:  12
		processing begun of bone:  hand.L, index:  13
		processing begun of bone:  Finger_Bone1.L, index:  14
		processing begun of bone:  Finger_Bone2.L, index:  15
		processing begun of bone:  Finger_Bone3.L, index:  16
		processing begun of bone:  Finger_Bone4.L, index:  17
		processing begun of bone:  shield.bone, index:  18
		processing begun of bone:  shoulder.R, index:  19
		processing begun of bone:  upper_arm.R, index:  20
		processing begun of bone:  forearm.R, index:  21
		processing begun of bone:  hand.R, index:  22
		processing begun of bone:  Finger_Bone1.R, index:  23
		processing begun of bone:  Finger_Bone2.R, index:  24
		processing begun of bone:  weapon.bone, index:  25
		processing begun of bone:  Finger_Bone3.R, index:  26
		processing begun of bone:  Finger_Bone4.R, index:  27
		processing begun of bone:  thigh.L, index:  28
		processing begun of bone:  shin.L, index:  29
		processing begun of bone:  thigh.R, index:  30
		processing begun of bone:  shin.R, index:  31
		processing action Attack:  in[0 - 16], out[0 - 16]
		processing action Run:  in[0 - 20], out[30 - 50]
		processing action Run3:  in[0 - 1], out[60 - 61]
		processing action stand:  in[0 - 60], out[70 - 130]
		processing action Stand_with_weapon:  in[0 - 62], out[140 - 202]
	processing begun of mesh:  Boots
		processing begun of Standard material:  Gloves
		num positions      :  120
		num normals        :  120
		num uvs            :  240
		num uvs2           :  0
		num colors         :  0
		num indices        :  240
		Skeleton stats:  
			Total Influencers:  259
			Avg # of influencers per vertex:  2.1583
			Highest # of influencers observed:  3, num vertices with this:  45
			exported as 3 influencers
			num skeletonWeights and skeletonIndices:  480
	processing begun of mesh:  Gloves
		registered as also a user of material:  Gloves
		num positions      :  109
		num normals        :  109
		num uvs            :  218
		num uvs2           :  0
		num colors         :  0
		num indices        :  216
		Skeleton stats:  
			Total Influencers:  231
			Avg # of influencers per vertex:  2.1193
			Highest # of influencers observed:  3, num vertices with this:  36
			exported as 3 influencers
			num skeletonWeights and skeletonIndices:  436
	processing begun of mesh:  Warrior
		processing begun of Standard material:  texture
			Diffuse texture found "Texture.002"
				Image texture found, type:  diffuseTexture, mapped using: "UVMap"
		num positions      :  1526
		num normals        :  1526
		num uvs            :  3052
		num uvs2           :  0
		num colors         :  0
		num indices        :  3258
		Skeleton stats:  
			WARNING: Maximum # of influencers exceeded for 1196 vertices, extras ignored
			Total Influencers:  3684
			Avg # of influencers per vertex:  2.4142
			Highest # of influencers observed:  7, num vertices with this:  4
			exported as 1 influencers
			num skeletonWeights and skeletonIndices:  6104
	processing begun of mesh:  Armor
		processing begun of Standard material:  Material.002
			Diffuse texture found "Texture.003"
				Image texture found, type:  diffuseTexture, mapped using: "UVMap"
		num positions      :  373
		num normals        :  373
		num uvs            :  746
		num uvs2           :  0
		num colors         :  0
		num indices        :  690
		Skeleton stats:  
			WARNING: Maximum # of influencers exceeded for 373 vertices, extras ignored
			Total Influencers:  11936
			Avg # of influencers per vertex:  32
			Highest # of influencers observed:  32, num vertices with this:  373
			exported as 8 influencers
			num skeletonWeights and skeletonIndices:  2984
	processing begun of mesh:  Hair
		processing begun of Standard material:  Hair
			Diffuse texture found "Texture.004"
				Image texture found, type:  diffuseTexture, mapped using: "UVMap"
		processing begun of Standard material:  Material.001
		processing begun of multimaterial:  Warrior.Multimaterial#0
		num positions      :  485
		num normals        :  485
		num uvs            :  970
		num uvs2           :  0
		num colors         :  1940
		num indices        :  1032
		Skeleton stats:  
			Total Influencers:  485
			Avg # of influencers per vertex:  1
			Highest # of influencers observed:  1, num vertices with this:  485
			exported as 1 influencers
			num skeletonWeights and skeletonIndices:  1940
	processing begun of mesh:  Helm
		registered as also a user of material:  Hair
		registered as also a user of material:  Gloves
		processing begun of multimaterial:  Warrior.Multimaterial#1
		num positions      :  491
		num normals        :  491
		num uvs            :  982
		num uvs2           :  0
		num colors         :  1964
		num indices        :  1056
		Skeleton stats:  
			Total Influencers:  491
			Avg # of influencers per vertex:  1
			Highest # of influencers observed:  1, num vertices with this:  491
			exported as 1 influencers
			num skeletonWeights and skeletonIndices:  1964
	WARNING: The following lamp not visible in scene thus ignored: Hemi
========= Writing of files started =========
========= Writing of files completed =========
========= end of processing =========
elapsed time:  0 min, 5.87 secs
