Exporter version: 5.5.0, Blender version: 2.79 (sub 0)
========= Conversion from Blender to Babylon.js =========
	Scene settings used:
		selected layers only:  true
		flat shading entire scene:  false
		inline textures:  false
		texture directory:  F:\Slavs\Babylon\Maps\tomb\tomb\
	Python World class constructor completed
	WARNING: No active camera has been assigned, or is not in a currently selected Blender layer
	processing begun of mesh:  Material
		processing begun of Standard material:  Material
			Diffuse texture found "Dirt"
				Image texture found, type:  diffuseTexture, mapped using: "UVMap"
				WARNING: Opacity non-std way to indicate opacity, use material alpha to also use Opacity texture
		num positions      :  11
		num normals        :  11
		num uvs            :  22
		num uvs2           :  0
		num colors         :  0
		num indices        :  27
		WARNING: # of 0 area faces found:  1
	processing begun of mesh:  Plane
		WARNING: No materials have been assigned: 
		num positions      :  0
		num normals        :  0
		num uvs            :  0
		num uvs2           :  0
		num colors         :  0
		num indices        :  0
	processing begun of mesh:  stoleWall.010
		processing begun of Standard material:  stoneWall
			Diffuse texture found "Texture.008"
				Image texture found, type:  diffuseTexture, mapped using: "UVMap"
		num positions      :  192
		num normals        :  192
		num uvs            :  384
		num uvs2           :  0
		num colors         :  0
		num indices        :  495
	processing begun of mesh:  stoleWall.009
		mesh is an instance of :  stoleWall.010.  Processing halted.
	processing begun of mesh:  stoleWall.008
		mesh is an instance of :  stoleWall.010.  Processing halted.
	processing begun of mesh:  stoleWall.007
		mesh is an instance of :  stoleWall.010.  Processing halted.
	processing begun of mesh:  stoleWall.006
		mesh is an instance of :  stoleWall.010.  Processing halted.
	processing begun of mesh:  stoleWall.005
		mesh is an instance of :  stoleWall.010.  Processing halted.
	processing begun of mesh:  stoleWall.004
		mesh is an instance of :  stoleWall.010.  Processing halted.
	processing begun of mesh:  stoleWall.003
		mesh is an instance of :  stoleWall.010.  Processing halted.
	processing begun of mesh:  stoleWall.002
		mesh is an instance of :  stoleWall.010.  Processing halted.
	processing begun of mesh:  stoleWall.001
		mesh is an instance of :  stoleWall.010.  Processing halted.
	processing begun of mesh:  stone.056
		processing begun of Standard material:  Stone
			Diffuse texture found "Texture.027"
				Image texture found, type:  diffuseTexture, mapped using: "UVMap"
		num positions      :  102
		num normals        :  102
		num uvs            :  204
		num uvs2           :  0
		num colors         :  0
		num indices        :  156
	processing begun of mesh:  stone.055
		mesh is an instance of :  stone.056.  Processing halted.
	processing begun of mesh:  stone.054
		mesh is an instance of :  stone.056.  Processing halted.
	processing begun of mesh:  stone.053
		mesh is an instance of :  stone.056.  Processing halted.
	processing begun of mesh:  stone.052
		mesh is an instance of :  stone.056.  Processing halted.
	processing begun of mesh:  stone.051
		mesh is an instance of :  stone.056.  Processing halted.
	processing begun of mesh:  stone.050
		mesh is an instance of :  stone.056.  Processing halted.
	processing begun of mesh:  stone.049
		mesh is an instance of :  stone.056.  Processing halted.
	processing begun of mesh:  stone.048
		mesh is an instance of :  stone.056.  Processing halted.
	processing begun of mesh:  stone.047
		mesh is an instance of :  stone.056.  Processing halted.
	processing begun of mesh:  stone.046
		mesh is an instance of :  stone.056.  Processing halted.
	processing begun of mesh:  stone.045
		mesh is an instance of :  stone.056.  Processing halted.
	processing begun of mesh:  stone.044
		mesh is an instance of :  stone.056.  Processing halted.
	processing begun of mesh:  stone.043
		mesh is an instance of :  stone.056.  Processing halted.
	processing begun of mesh:  stone.042
		mesh is an instance of :  stone.056.  Processing halted.
	processing begun of mesh:  stone.041
		mesh is an instance of :  stone.056.  Processing halted.
	processing begun of mesh:  stone.040
		mesh is an instance of :  stone.056.  Processing halted.
	processing begun of mesh:  stone.039
		mesh is an instance of :  stone.056.  Processing halted.
	processing begun of mesh:  stone.038
		mesh is an instance of :  stone.056.  Processing halted.
	processing begun of mesh:  stone.037
		mesh is an instance of :  stone.056.  Processing halted.
	processing begun of mesh:  stone.036
		mesh is an instance of :  stone.056.  Processing halted.
	processing begun of mesh:  stone.035
		mesh is an instance of :  stone.056.  Processing halted.
	processing begun of mesh:  stone.034
		mesh is an instance of :  stone.056.  Processing halted.
	processing begun of mesh:  stone.033
		mesh is an instance of :  stone.056.  Processing halted.
	processing begun of mesh:  stone.032
		mesh is an instance of :  stone.056.  Processing halted.
	processing begun of mesh:  stone.031
		mesh is an instance of :  stone.056.  Processing halted.
	processing begun of mesh:  stone.030
		mesh is an instance of :  stone.056.  Processing halted.
	processing begun of mesh:  stone.029
		mesh is an instance of :  stone.056.  Processing halted.
	processing begun of mesh:  stone.028
		mesh is an instance of :  stone.056.  Processing halted.
	processing begun of mesh:  stone.027
		mesh is an instance of :  stone.056.  Processing halted.
	processing begun of mesh:  stone.026
		mesh is an instance of :  stone.056.  Processing halted.
	processing begun of mesh:  stone.025
		mesh is an instance of :  stone.056.  Processing halted.
	processing begun of mesh:  stone.024
		mesh is an instance of :  stone.056.  Processing halted.
	processing begun of mesh:  stone.023
		mesh is an instance of :  stone.056.  Processing halted.
	processing begun of mesh:  stone.022
		mesh is an instance of :  stone.056.  Processing halted.
	processing begun of mesh:  stone.021
		mesh is an instance of :  stone.056.  Processing halted.
	processing begun of mesh:  stone.020
		mesh is an instance of :  stone.056.  Processing halted.
	processing begun of mesh:  stone.019
		mesh is an instance of :  stone.056.  Processing halted.
	processing begun of mesh:  stone.018
		mesh is an instance of :  stone.056.  Processing halted.
	processing begun of mesh:  stone.017
		mesh is an instance of :  stone.056.  Processing halted.
	processing begun of mesh:  stone.016
		mesh is an instance of :  stone.056.  Processing halted.
	processing begun of mesh:  stone.015
		mesh is an instance of :  stone.056.  Processing halted.
	processing begun of mesh:  stone.014
		mesh is an instance of :  stone.056.  Processing halted.
	processing begun of mesh:  stone.013
		mesh is an instance of :  stone.056.  Processing halted.
	processing begun of mesh:  stone.012
		mesh is an instance of :  stone.056.  Processing halted.
	processing begun of mesh:  stone.011
		mesh is an instance of :  stone.056.  Processing halted.
	processing begun of mesh:  stone.010
		mesh is an instance of :  stone.056.  Processing halted.
	processing begun of mesh:  stone.009
		mesh is an instance of :  stone.056.  Processing halted.
	processing begun of mesh:  stone.008
		mesh is an instance of :  stone.056.  Processing halted.
	processing begun of mesh:  stone.007
		mesh is an instance of :  stone.056.  Processing halted.
	processing begun of mesh:  stone.006
		mesh is an instance of :  stone.056.  Processing halted.
	processing begun of mesh:  stone.005
		mesh is an instance of :  stone.056.  Processing halted.
	processing begun of mesh:  stone.004
		mesh is an instance of :  stone.056.  Processing halted.
	processing begun of mesh:  stone.003
		mesh is an instance of :  stone.056.  Processing halted.
	processing begun of mesh:  stone.002
		mesh is an instance of :  stone.056.  Processing halted.
	processing begun of mesh:  stone.001
		mesh is an instance of :  stone.056.  Processing halted.
	processing begun of mesh:  skeletons2d.002
		processing begun of Standard material:  skeletons2d
			Diffuse texture found "skeletons2d"
				Image texture found, type:  diffuseTexture, mapped using: "UVMap"
				WARNING: Opacity non-std way to indicate opacity, use material alpha to also use Opacity texture
		processing begun of Standard material:  Material.005
			Diffuse texture found "Texture.004"
				Image texture found, type:  diffuseTexture, mapped using: "UVMap"
		processing begun of multimaterial:  tomb.Multimaterial#0
		num positions      :  2523
		num normals        :  2523
		num uvs            :  5046
		num uvs2           :  5046
		num colors         :  0
		num indices        :  5382
	processing begun of mesh:  skeletons2d.001
		mesh is an instance of :  skeletons2d.002.  Processing halted.
	processing begun of mesh:  joinedHouse.005
		processing begun of Standard material:  woodSheet
			Diffuse texture found "Texture.005"
				Image texture found, type:  diffuseTexture, mapped using: "UVMap"
				WARNING: Opacity non-std way to indicate opacity, use material alpha to also use Opacity texture
		num positions      :  1120
		num normals        :  1120
		num uvs            :  2240
		num uvs2           :  0
		num colors         :  0
		num indices        :  1530
	processing begun of mesh:  Ground.001
		WARNING: No materials have been assigned: 
		num positions      :  40
		num normals        :  40
		num uvs            :  80
		num uvs2           :  0
		num colors         :  0
		num indices        :  84
	processing begun of mesh:  cryptGate.004
		processing begun of Standard material:  coffin
			Diffuse texture found "Texture.003"
				Image texture found, type:  diffuseTexture, mapped using: "UVMap"
		num positions      :  1774
		num normals        :  1774
		num uvs            :  3548
		num uvs2           :  0
		num colors         :  7096
		num indices        :  2652
	processing begun of mesh:  cryptGate.001
		processing begun of Standard material:  Material.003
			Diffuse texture found "Tex"
				Image texture found, type:  diffuseTexture, mapped using: "UVMap"
		num positions      :  476
		num normals        :  476
		num uvs            :  952
		num uvs2           :  0
		num colors         :  1904
		num indices        :  744
	processing begun of mesh:  Ground
		registered as also a user of material:  Material
		num positions      :  208
		num normals        :  208
		num uvs            :  416
		num uvs2           :  0
		num colors         :  0
		num indices        :  1050
		WARNING: # of 0 area faces found:  2
	processing begun of mesh:  exitForest
		WARNING: No materials have been assigned: 
		num positions      :  4
		num normals        :  4
		num uvs            :  0
		num uvs2           :  0
		num colors         :  0
		num indices        :  6
	processing begun of mesh:  Chest
		processing begun of Standard material:  Material.000
		processing begun of Standard material:  Material.001
			Diffuse texture found "Texture.000"
				Image texture found, type:  diffuseTexture, mapped using: "UVMap"
		processing begun of multimaterial:  tomb.Multimaterial#1
		num positions      :  774
		num normals        :  774
		num uvs            :  1548
		num uvs2           :  0
		num colors         :  0
		num indices        :  1398
	processing begun of mesh:  pitcher
		processing begun of Standard material:  pitcher
			Diffuse texture found "Texture.026"
				Image texture found, type:  diffuseTexture, mapped using: "UVMap"
		num positions      :  1061
		num normals        :  1061
		num uvs            :  2122
		num uvs2           :  0
		num colors         :  0
		num indices        :  1536
	processing begun of mesh:  stone
		mesh is an instance of :  stone.056.  Processing halted.
	processing begun of mesh:  skeletons2d
		mesh is an instance of :  skeletons2d.002.  Processing halted.
	processing begun of mesh:  stoleWall
		mesh is an instance of :  stoleWall.010.  Processing halted.
	processing begun of mesh:  stoneWallGate
		processing begun of Standard material:  gate
			Diffuse texture found "Texture.009"
				Image texture found, type:  diffuseTexture, mapped using: "UVMap"
		num positions      :  688
		num normals        :  688
		num uvs            :  1376
		num uvs2           :  0
		num colors         :  0
		num indices        :  1551
	WARNING: The following lamp not visible in scene thus ignored: Hemi
========= Writing of scene file started =========
========= Writing of scene file completed =========
========= end of processing =========
elapsed time:  0 min, 3.068 secs
