Exporter version: 5.5.0, Blender version: 2.79 (sub 0)
========= Conversion from Blender to Babylon.js =========
	Scene settings used:
		selected layers only:  true
		flat shading entire scene:  false
		inline textures:  false
		texture directory:  F:\Slavs\Babylon\Maps\forestStartHouse\mapBounding\
	Python World class constructor completed
	processing begun of mesh:  Box_Cube.004
		processing begun of Standard material:  Box_Cube
		num positions      :  8
		num normals        :  8
		num uvs            :  0
		num uvs2           :  0
		num colors         :  0
		num indices        :  36
	processing begun of mesh:  Box_Cube.003
		mesh is an instance of :  Box_Cube.004.  Processing halted.
	processing begun of mesh:  Box_Cube.002
		mesh is an instance of :  Box_Cube.004.  Processing halted.
	processing begun of mesh:  Box_Cube.001
		mesh is an instance of :  Box_Cube.004.  Processing halted.
	processing begun of mesh:  Box_Cube
		mesh is an instance of :  Box_Cube.004.  Processing halted.
	WARNING: The following camera not visible in scene thus ignored: Camera
	WARNING: The following lamp not visible in scene thus ignored: Point
	WARNING: The following lamp not visible in scene thus ignored: Spot
	WARNING: The following lamp not visible in scene thus ignored: Lamp
========= Writing of scene file started =========
========= Writing of scene file completed =========
========= end of processing =========
elapsed time:  0 min, 0.014 secs
