Exporter version: 5.3-beta, Blender version: 2.78 (sub 0)
========= Conversion from Blender to Babylon.js =========
	Scene settings used:
		selected layers only:  false
		flat shading entire scene:  false
		inline textures:  false
		texture directory:  D:\Mietas\Slavs\Babylon\Maps\map01a\
	Python World class constructor completed
	processing begun of mesh:  Log.005
		processing begun of Standard material:  Log.001
			Diffuse texture found "Tex.002"
				Image texture found, type:  diffuseTexture, mapped using: "UVMap"
		processing begun of Standard material:  Logo2godscieniowane
			Diffuse texture found "Logo2godscieniowane"
				Image texture found, type:  diffuseTexture, mapped using: "UVMap"
		processing begun of multimaterial:  map01a.Multimaterial#0
		num positions      :  164
		num normals        :  164
		num uvs            :  328
		num uvs2           :  0
		num colors         :  0
		num indices        :  258
	processing begun of mesh:  logo blender
		processing begun of Standard material:  logo blender
			Diffuse texture found "logo blender"
				Image texture found, type:  diffuseTexture, mapped using: "UVMap"
				WARNING: Opacity non-std way to indicate opacity, use material alpha to also use Opacity texture
		num positions      :  4
		num normals        :  4
		num uvs            :  8
		num uvs2           :  0
		num colors         :  0
		num indices        :  6
	processing begun of mesh:  choinka.024
		processing begun of Standard material:  korona2
			Diffuse texture found "korona2"
				Image texture found, type:  diffuseTexture, mapped using: "UVMap"
				WARNING: Opacity non-std way to indicate opacity, use material alpha to also use Opacity texture
		processing begun of Standard material:  root
			Diffuse texture found "Texture.001"
				Image texture found, type:  diffuseTexture, mapped using: "UVMap"
		processing begun of multimaterial:  map01a.Multimaterial#1
		num positions      :  479
		num normals        :  479
		num uvs            :  958
		num uvs2           :  0
		num colors         :  0
		num indices        :  768
	processing begun of mesh:  choinka.023
		registered as also a user of material:  korona2
		registered as also a user of material:  root
		processing begun of multimaterial:  map01a.Multimaterial#2
		num positions      :  479
		num normals        :  479
		num uvs            :  958
		num uvs2           :  0
		num colors         :  0
		num indices        :  768
	processing begun of mesh:  choinka.022
		registered as also a user of material:  korona2
		registered as also a user of material:  root
		processing begun of multimaterial:  map01a.Multimaterial#3
		num positions      :  479
		num normals        :  479
		num uvs            :  958
		num uvs2           :  0
		num colors         :  0
		num indices        :  768
	processing begun of mesh:  choinka.021
		registered as also a user of material:  korona2
		registered as also a user of material:  root
		processing begun of multimaterial:  map01a.Multimaterial#4
		num positions      :  479
		num normals        :  479
		num uvs            :  958
		num uvs2           :  0
		num colors         :  0
		num indices        :  768
	processing begun of mesh:  choinka.020
		registered as also a user of material:  korona2
		registered as also a user of material:  root
		processing begun of multimaterial:  map01a.Multimaterial#5
		num positions      :  479
		num normals        :  479
		num uvs            :  958
		num uvs2           :  0
		num colors         :  0
		num indices        :  768
	processing begun of mesh:  choinka.019
		registered as also a user of material:  korona2
		registered as also a user of material:  root
		processing begun of multimaterial:  map01a.Multimaterial#6
		num positions      :  479
		num normals        :  479
		num uvs            :  958
		num uvs2           :  0
		num colors         :  0
		num indices        :  768
	processing begun of mesh:  choinka.018
		registered as also a user of material:  korona2
		registered as also a user of material:  root
		processing begun of multimaterial:  map01a.Multimaterial#7
		num positions      :  479
		num normals        :  479
		num uvs            :  958
		num uvs2           :  0
		num colors         :  0
		num indices        :  768
	processing begun of mesh:  choinka.017
		registered as also a user of material:  korona2
		registered as also a user of material:  root
		processing begun of multimaterial:  map01a.Multimaterial#8
		num positions      :  479
		num normals        :  479
		num uvs            :  958
		num uvs2           :  0
		num colors         :  0
		num indices        :  768
	processing begun of mesh:  choinka.016
		registered as also a user of material:  korona2
		registered as also a user of material:  root
		processing begun of multimaterial:  map01a.Multimaterial#9
		num positions      :  479
		num normals        :  479
		num uvs            :  958
		num uvs2           :  0
		num colors         :  0
		num indices        :  768
	processing begun of mesh:  Grass_small.038
		processing begun of Standard material:  Grass_small
			Diffuse texture found "Grass_small"
				Image texture found, type:  diffuseTexture, mapped using: "UVMap"
				WARNING: Opacity non-std way to indicate opacity, use material alpha to also use Opacity texture
		num positions      :  12
		num normals        :  12
		num uvs            :  24
		num uvs2           :  0
		num colors         :  0
		num indices        :  18
	processing begun of mesh:  Grass_small.037
		registered as also a user of material:  Grass_small
		num positions      :  12
		num normals        :  12
		num uvs            :  24
		num uvs2           :  0
		num colors         :  0
		num indices        :  18
	processing begun of mesh:  Grass_small.036
		registered as also a user of material:  Grass_small
		num positions      :  12
		num normals        :  12
		num uvs            :  24
		num uvs2           :  0
		num colors         :  0
		num indices        :  18
	processing begun of mesh:  Grass_small.035
		registered as also a user of material:  Grass_small
		num positions      :  12
		num normals        :  12
		num uvs            :  24
		num uvs2           :  0
		num colors         :  0
		num indices        :  18
	processing begun of mesh:  Grass_small.034
		registered as also a user of material:  Grass_small
		num positions      :  12
		num normals        :  12
		num uvs            :  24
		num uvs2           :  0
		num colors         :  0
		num indices        :  18
	processing begun of mesh:  Grass_small.033
		registered as also a user of material:  Grass_small
		num positions      :  12
		num normals        :  12
		num uvs            :  24
		num uvs2           :  0
		num colors         :  0
		num indices        :  18
	processing begun of mesh:  Grass_small.032
		registered as also a user of material:  Grass_small
		num positions      :  12
		num normals        :  12
		num uvs            :  24
		num uvs2           :  0
		num colors         :  0
		num indices        :  18
	processing begun of mesh:  Grass_small.031
		registered as also a user of material:  Grass_small
		num positions      :  12
		num normals        :  12
		num uvs            :  24
		num uvs2           :  0
		num colors         :  0
		num indices        :  18
	processing begun of mesh:  Grass_small.030
		registered as also a user of material:  Grass_small
		num positions      :  12
		num normals        :  12
		num uvs            :  24
		num uvs2           :  0
		num colors         :  0
		num indices        :  18
	processing begun of mesh:  choinka.015
		registered as also a user of material:  korona2
		registered as also a user of material:  root
		processing begun of multimaterial:  map01a.Multimaterial#10
		num positions      :  479
		num normals        :  479
		num uvs            :  958
		num uvs2           :  0
		num colors         :  0
		num indices        :  768
	processing begun of mesh:  choinka.014
		registered as also a user of material:  korona2
		registered as also a user of material:  root
		processing begun of multimaterial:  map01a.Multimaterial#11
		num positions      :  479
		num normals        :  479
		num uvs            :  958
		num uvs2           :  0
		num colors         :  0
		num indices        :  768
	processing begun of mesh:  choinka.013
		registered as also a user of material:  korona2
		registered as also a user of material:  root
		processing begun of multimaterial:  map01a.Multimaterial#12
		num positions      :  479
		num normals        :  479
		num uvs            :  958
		num uvs2           :  0
		num colors         :  0
		num indices        :  768
	processing begun of mesh:  choinka.012
		registered as also a user of material:  korona2
		registered as also a user of material:  root
		processing begun of multimaterial:  map01a.Multimaterial#13
		num positions      :  479
		num normals        :  479
		num uvs            :  958
		num uvs2           :  0
		num colors         :  0
		num indices        :  768
	processing begun of mesh:  choinka.011
		registered as also a user of material:  korona2
		registered as also a user of material:  root
		processing begun of multimaterial:  map01a.Multimaterial#14
		num positions      :  479
		num normals        :  479
		num uvs            :  958
		num uvs2           :  0
		num colors         :  0
		num indices        :  768
	processing begun of mesh:  choinka.008
		registered as also a user of material:  korona2
		registered as also a user of material:  root
		processing begun of multimaterial:  map01a.Multimaterial#15
		num positions      :  479
		num normals        :  479
		num uvs            :  958
		num uvs2           :  0
		num colors         :  0
		num indices        :  768
	processing begun of mesh:  choinka.007
		registered as also a user of material:  korona2
		registered as also a user of material:  root
		processing begun of multimaterial:  map01a.Multimaterial#16
		num positions      :  479
		num normals        :  479
		num uvs            :  958
		num uvs2           :  0
		num colors         :  0
		num indices        :  768
	processing begun of mesh:  choinka.006
		registered as also a user of material:  korona2
		registered as also a user of material:  root
		processing begun of multimaterial:  map01a.Multimaterial#17
		num positions      :  479
		num normals        :  479
		num uvs            :  958
		num uvs2           :  0
		num colors         :  0
		num indices        :  768
	processing begun of mesh:  choinka.005
		registered as also a user of material:  korona2
		registered as also a user of material:  root
		processing begun of multimaterial:  map01a.Multimaterial#18
		num positions      :  479
		num normals        :  479
		num uvs            :  958
		num uvs2           :  0
		num colors         :  0
		num indices        :  768
	processing begun of mesh:  choinka.004
		registered as also a user of material:  korona2
		registered as also a user of material:  root
		processing begun of multimaterial:  map01a.Multimaterial#19
		num positions      :  479
		num normals        :  479
		num uvs            :  958
		num uvs2           :  0
		num colors         :  0
		num indices        :  768
	processing begun of mesh:  choinka.003
		registered as also a user of material:  korona2
		registered as also a user of material:  root
		processing begun of multimaterial:  map01a.Multimaterial#20
		num positions      :  479
		num normals        :  479
		num uvs            :  958
		num uvs2           :  0
		num colors         :  0
		num indices        :  768
	processing begun of mesh:  choinka.002
		registered as also a user of material:  korona2
		registered as also a user of material:  root
		processing begun of multimaterial:  map01a.Multimaterial#21
		num positions      :  479
		num normals        :  479
		num uvs            :  958
		num uvs2           :  0
		num colors         :  0
		num indices        :  768
	processing begun of mesh:  choinka.001
		registered as also a user of material:  korona2
		registered as also a user of material:  root
		processing begun of multimaterial:  map01a.Multimaterial#22
		num positions      :  479
		num normals        :  479
		num uvs            :  958
		num uvs2           :  0
		num colors         :  0
		num indices        :  768
	processing begun of mesh:  choinka.000
		registered as also a user of material:  korona2
		registered as also a user of material:  root
		processing begun of multimaterial:  map01a.Multimaterial#23
		num positions      :  479
		num normals        :  479
		num uvs            :  958
		num uvs2           :  0
		num colors         :  0
		num indices        :  768
	processing begun of mesh:  Water
		processing begun of Standard material:  Material
		num positions      :  4
		num normals        :  4
		num uvs            :  0
		num uvs2           :  0
		num colors         :  0
		num indices        :  6
	processing begun of mesh:  Grass_small.029
		registered as also a user of material:  Grass_small
		num positions      :  12
		num normals        :  12
		num uvs            :  24
		num uvs2           :  0
		num colors         :  0
		num indices        :  18
	processing begun of mesh:  Grass_small.028
		registered as also a user of material:  Grass_small
		num positions      :  12
		num normals        :  12
		num uvs            :  24
		num uvs2           :  0
		num colors         :  0
		num indices        :  18
	processing begun of mesh:  Grass_small.027
		registered as also a user of material:  Grass_small
		num positions      :  12
		num normals        :  12
		num uvs            :  24
		num uvs2           :  0
		num colors         :  0
		num indices        :  18
	processing begun of mesh:  Grass_small.026
		registered as also a user of material:  Grass_small
		num positions      :  12
		num normals        :  12
		num uvs            :  24
		num uvs2           :  0
		num colors         :  0
		num indices        :  18
	processing begun of mesh:  Grass_small.025
		registered as also a user of material:  Grass_small
		num positions      :  12
		num normals        :  12
		num uvs            :  24
		num uvs2           :  0
		num colors         :  0
		num indices        :  18
	processing begun of mesh:  Grass_small.024
		registered as also a user of material:  Grass_small
		num positions      :  12
		num normals        :  12
		num uvs            :  24
		num uvs2           :  0
		num colors         :  0
		num indices        :  18
	processing begun of mesh:  Grass_small.023
		registered as also a user of material:  Grass_small
		num positions      :  12
		num normals        :  12
		num uvs            :  24
		num uvs2           :  0
		num colors         :  0
		num indices        :  18
	processing begun of mesh:  Fern_group.006
		processing begun of Standard material:  Fern
			Diffuse texture found "Fern"
				Image texture found, type:  diffuseTexture, mapped using: "UVMap"
				WARNING: Opacity non-std way to indicate opacity, use material alpha to also use Opacity texture
		num positions      :  120
		num normals        :  120
		num uvs            :  240
		num uvs2           :  0
		num colors         :  0
		num indices        :  384
	processing begun of mesh:  Fern_group.005
		registered as also a user of material:  Fern
		num positions      :  120
		num normals        :  120
		num uvs            :  240
		num uvs2           :  0
		num colors         :  0
		num indices        :  384
	processing begun of mesh:  Fern_group.004
		registered as also a user of material:  Fern
		num positions      :  120
		num normals        :  120
		num uvs            :  240
		num uvs2           :  0
		num colors         :  0
		num indices        :  384
	processing begun of mesh:  Grass_small.022
		registered as also a user of material:  Grass_small
		num positions      :  12
		num normals        :  12
		num uvs            :  24
		num uvs2           :  0
		num colors         :  0
		num indices        :  18
	processing begun of mesh:  Grass_small.021
		registered as also a user of material:  Grass_small
		num positions      :  12
		num normals        :  12
		num uvs            :  24
		num uvs2           :  0
		num colors         :  0
		num indices        :  18
	processing begun of mesh:  Grass_small.020
		registered as also a user of material:  Grass_small
		num positions      :  12
		num normals        :  12
		num uvs            :  24
		num uvs2           :  0
		num colors         :  0
		num indices        :  18
	processing begun of mesh:  Sage_group.002
		processing begun of Standard material:  Sage
			Diffuse texture found "Sage"
				Image texture found, type:  diffuseTexture, mapped using: "UVMap"
				WARNING: Opacity non-std way to indicate opacity, use material alpha to also use Opacity texture
		processing begun of Standard material:  Sage_rev
			Diffuse texture found "Sage_rev"
				Image texture found, type:  diffuseTexture, mapped using: "UVMap"
				WARNING: Opacity non-std way to indicate opacity, use material alpha to also use Opacity texture
		processing begun of multimaterial:  map01a.Multimaterial#24
		num positions      :  44
		num normals        :  44
		num uvs            :  88
		num uvs2           :  0
		num colors         :  0
		num indices        :  66
	processing begun of mesh:  Fern_group.003
		registered as also a user of material:  Fern
		num positions      :  120
		num normals        :  120
		num uvs            :  240
		num uvs2           :  0
		num colors         :  0
		num indices        :  384
	processing begun of mesh:  Grass_small.019
		registered as also a user of material:  Grass_small
		num positions      :  12
		num normals        :  12
		num uvs            :  24
		num uvs2           :  0
		num colors         :  0
		num indices        :  18
	processing begun of mesh:  Grass_small.018
		registered as also a user of material:  Grass_small
		num positions      :  12
		num normals        :  12
		num uvs            :  24
		num uvs2           :  0
		num colors         :  0
		num indices        :  18
	processing begun of mesh:  Grass_small.017
		registered as also a user of material:  Grass_small
		num positions      :  12
		num normals        :  12
		num uvs            :  24
		num uvs2           :  0
		num colors         :  0
		num indices        :  18
	processing begun of mesh:  Grass_small.016
		registered as also a user of material:  Grass_small
		num positions      :  12
		num normals        :  12
		num uvs            :  24
		num uvs2           :  0
		num colors         :  0
		num indices        :  18
	processing begun of mesh:  Grass_small.015
		registered as also a user of material:  Grass_small
		num positions      :  12
		num normals        :  12
		num uvs            :  24
		num uvs2           :  0
		num colors         :  0
		num indices        :  18
	processing begun of mesh:  Grass_small.014
		registered as also a user of material:  Grass_small
		num positions      :  12
		num normals        :  12
		num uvs            :  24
		num uvs2           :  0
		num colors         :  0
		num indices        :  18
	processing begun of mesh:  Fern_group.002
		registered as also a user of material:  Fern
		num positions      :  120
		num normals        :  120
		num uvs            :  240
		num uvs2           :  0
		num colors         :  0
		num indices        :  384
	processing begun of mesh:  Fern_group.001
		registered as also a user of material:  Fern
		num positions      :  120
		num normals        :  120
		num uvs            :  240
		num uvs2           :  0
		num colors         :  0
		num indices        :  384
	processing begun of mesh:  Grass_small.013
		registered as also a user of material:  Grass_small
		num positions      :  12
		num normals        :  12
		num uvs            :  24
		num uvs2           :  0
		num colors         :  0
		num indices        :  18
	processing begun of mesh:  Stone_medium.002
		processing begun of Standard material:  Material.001
			Diffuse texture found "Texture.003"
				Image texture found, type:  diffuseTexture, mapped using: "UVMap"
		num positions      :  187
		num normals        :  187
		num uvs            :  374
		num uvs2           :  0
		num colors         :  0
		num indices        :  360
	processing begun of mesh:  Sage_group.001
		registered as also a user of material:  Sage
		registered as also a user of material:  Sage_rev
		processing begun of multimaterial:  map01a.Multimaterial#25
		num positions      :  44
		num normals        :  44
		num uvs            :  88
		num uvs2           :  0
		num colors         :  0
		num indices        :  66
	processing begun of mesh:  Grass_small.012
		registered as also a user of material:  Grass_small
		num positions      :  12
		num normals        :  12
		num uvs            :  24
		num uvs2           :  0
		num colors         :  0
		num indices        :  18
	processing begun of mesh:  Grass_small.011
		registered as also a user of material:  Grass_small
		num positions      :  12
		num normals        :  12
		num uvs            :  24
		num uvs2           :  0
		num colors         :  0
		num indices        :  18
	processing begun of mesh:  Grass_small.010
		registered as also a user of material:  Grass_small
		num positions      :  12
		num normals        :  12
		num uvs            :  24
		num uvs2           :  0
		num colors         :  0
		num indices        :  18
	processing begun of mesh:  Grass_small.009
		registered as also a user of material:  Grass_small
		num positions      :  12
		num normals        :  12
		num uvs            :  24
		num uvs2           :  0
		num colors         :  0
		num indices        :  18
	processing begun of mesh:  Grass_small.008
		registered as also a user of material:  Grass_small
		num positions      :  12
		num normals        :  12
		num uvs            :  24
		num uvs2           :  0
		num colors         :  0
		num indices        :  18
	processing begun of mesh:  Grass_small.007
		registered as also a user of material:  Grass_small
		num positions      :  12
		num normals        :  12
		num uvs            :  24
		num uvs2           :  0
		num colors         :  0
		num indices        :  18
	processing begun of mesh:  Grass_small.006
		registered as also a user of material:  Grass_small
		num positions      :  12
		num normals        :  12
		num uvs            :  24
		num uvs2           :  0
		num colors         :  0
		num indices        :  18
	processing begun of mesh:  Grass_small.005
		registered as also a user of material:  Grass_small
		num positions      :  12
		num normals        :  12
		num uvs            :  24
		num uvs2           :  0
		num colors         :  0
		num indices        :  18
	processing begun of mesh:  Grass_small.004
		registered as also a user of material:  Grass_small
		num positions      :  12
		num normals        :  12
		num uvs            :  24
		num uvs2           :  0
		num colors         :  0
		num indices        :  18
	processing begun of mesh:  Grass_small.003
		registered as also a user of material:  Grass_small
		num positions      :  12
		num normals        :  12
		num uvs            :  24
		num uvs2           :  0
		num colors         :  0
		num indices        :  18
	processing begun of mesh:  Grass_small.002
		registered as also a user of material:  Grass_small
		num positions      :  12
		num normals        :  12
		num uvs            :  24
		num uvs2           :  0
		num colors         :  0
		num indices        :  18
	processing begun of mesh:  Grass_small.001
		registered as also a user of material:  Grass_small
		num positions      :  12
		num normals        :  12
		num uvs            :  24
		num uvs2           :  0
		num colors         :  0
		num indices        :  18
	processing begun of mesh:  Stone_medium.001
		registered as also a user of material:  Material.001
		num positions      :  187
		num normals        :  187
		num uvs            :  374
		num uvs2           :  0
		num colors         :  0
		num indices        :  360
	processing begun of mesh:  Fireplace
		processing begun of Standard material:  Stone_small
			Diffuse texture found "Tex.001"
				Image texture found, type:  diffuseTexture, mapped using: "UVMap"
		num positions      :  1588
		num normals        :  1588
		num uvs            :  3176
		num uvs2           :  0
		num colors         :  0
		num indices        :  2640
	processing begun of mesh:  choinka.010
		registered as also a user of material:  korona2
		registered as also a user of material:  root
		processing begun of multimaterial:  map01a.Multimaterial#26
		num positions      :  479
		num normals        :  479
		num uvs            :  958
		num uvs2           :  0
		num colors         :  0
		num indices        :  768
	processing begun of mesh:  choinka.009
		registered as also a user of material:  korona2
		registered as also a user of material:  root
		processing begun of multimaterial:  map01a.Multimaterial#27
		num positions      :  479
		num normals        :  479
		num uvs            :  958
		num uvs2           :  0
		num colors         :  0
		num indices        :  768
	WARNING: The following camera not visible in scene thus ignored: Camera
	processing begun of mesh:  Stone_large
		processing begun of Standard material:  Stona_large
			Diffuse texture found "Texture.002"
				Image texture found, type:  diffuseTexture, mapped using: "UVMap"
		num positions      :  96
		num normals        :  96
		num uvs            :  192
		num uvs2           :  0
		num colors         :  0
		num indices        :  180
	processing begun of mesh:  Stone_medium
		registered as also a user of material:  Material.001
		num positions      :  93
		num normals        :  93
		num uvs            :  186
		num uvs2           :  0
		num colors         :  0
		num indices        :  180
	processing begun of mesh:  Grass_small
		registered as also a user of material:  Grass_small
		num positions      :  12
		num normals        :  12
		num uvs            :  24
		num uvs2           :  0
		num colors         :  0
		num indices        :  18
	processing begun of mesh:  Sage_group
		registered as also a user of material:  Sage
		registered as also a user of material:  Sage_rev
		processing begun of multimaterial:  map01a.Multimaterial#28
		num positions      :  44
		num normals        :  44
		num uvs            :  88
		num uvs2           :  0
		num colors         :  0
		num indices        :  66
	processing begun of mesh:  Fern_group
		registered as also a user of material:  Fern
		num positions      :  120
		num normals        :  120
		num uvs            :  240
		num uvs2           :  0
		num colors         :  0
		num indices        :  384
	processing begun of mesh:  Log_space
		registered as also a user of material:  Log.001
		num positions      :  671
		num normals        :  671
		num uvs            :  1342
		num uvs2           :  0
		num colors         :  0
		num indices        :  1008
	processing begun of mesh:  Log
		registered as also a user of material:  Log.001
		num positions      :  54
		num normals        :  54
		num uvs            :  108
		num uvs2           :  0
		num colors         :  0
		num indices        :  84
	processing begun of mesh:  Log.001
		registered as also a user of material:  Log.001
		num positions      :  54
		num normals        :  54
		num uvs            :  108
		num uvs2           :  0
		num colors         :  0
		num indices        :  84
	processing begun of mesh:  Log.002
		registered as also a user of material:  Log.001
		num positions      :  54
		num normals        :  54
		num uvs            :  108
		num uvs2           :  0
		num colors         :  0
		num indices        :  84
	processing begun of mesh:  Log.003
		registered as also a user of material:  Log.001
		num positions      :  54
		num normals        :  54
		num uvs            :  108
		num uvs2           :  0
		num colors         :  0
		num indices        :  84
	processing begun of mesh:  Log.004
		registered as also a user of material:  Log.001
		num positions      :  54
		num normals        :  54
		num uvs            :  108
		num uvs2           :  0
		num colors         :  0
		num indices        :  84
	processing begun of mesh:  Forest_ground.001
		processing begun of Standard material:  Forest_ground.001
			Diffuse texture found "Forest_ground.001"
				Image texture found, type:  diffuseTexture, mapped using: "UVMap"
		num positions      :  4
		num normals        :  4
		num uvs            :  8
		num uvs2           :  0
		num colors         :  0
		num indices        :  6
	processing begun of light (SUN):  Point
========= Writing of files started =========
========= Writing of files completed =========
========= end of processing =========
elapsed time:  0 min, 4.26 secs
