Exporter version: 5.6.3, Blender version: 2.79 (sub 0)
========= Conversion from Blender to Babylon.js =========
	Scene settings used :
		export scope        :  ALL
		inline textures     :  false
		Positions Precision :  4
		Normals Precision   :  3
		UVs Precision       :  3
		Vert Color Precision:  3
		Mat Weight Precision:  2
		texture directory   :  F:\Slavs\Blender\world\MountainsPass\
	Python World class constructor completed
	processing begun of mesh:  sps_tress.016
		processing begun of Standard material:  Material.001
		num positions      :  149
		num normals        :  149
		num uvs            :  0
		num uvs2           :  0
		num colors         :  0
		num indices        :  732
	processing begun of mesh:  sps_tress.015
		registered as also a user of material:  Material.001
		num positions      :  22
		num normals        :  22
		num uvs            :  0
		num uvs2           :  0
		num colors         :  0
		num indices        :  78
	processing begun of mesh:  sps_tress.014
		registered as also a user of material:  Material.001
		num positions      :  20
		num normals        :  20
		num uvs            :  0
		num uvs2           :  0
		num colors         :  0
		num indices        :  66
	processing begun of mesh:  sps_tress.013
		registered as also a user of material:  Material.001
		num positions      :  32
		num normals        :  32
		num uvs            :  0
		num uvs2           :  0
		num colors         :  0
		num indices        :  114
	processing begun of mesh:  sps_tress.012
		registered as also a user of material:  Material.001
		num positions      :  37
		num normals        :  37
		num uvs            :  0
		num uvs2           :  0
		num colors         :  0
		num indices        :  138
	processing begun of mesh:  sps_tress.011
		registered as also a user of material:  Material.001
		num positions      :  70
		num normals        :  70
		num uvs            :  0
		num uvs2           :  0
		num colors         :  0
		num indices        :  312
	processing begun of mesh:  sps_tress.010
		registered as also a user of material:  Material.001
		num positions      :  45
		num normals        :  45
		num uvs            :  0
		num uvs2           :  0
		num colors         :  0
		num indices        :  186
	processing begun of mesh:  sps_tress.009
		registered as also a user of material:  Material.001
		num positions      :  156
		num normals        :  156
		num uvs            :  0
		num uvs2           :  0
		num colors         :  0
		num indices        :  750
	processing begun of mesh:  sps_tress.008
		registered as also a user of material:  Material.001
		num positions      :  27
		num normals        :  27
		num uvs            :  0
		num uvs2           :  0
		num colors         :  0
		num indices        :  96
	processing begun of mesh:  sps_tress.007
		registered as also a user of material:  Material.001
		num positions      :  24
		num normals        :  24
		num uvs            :  0
		num uvs2           :  0
		num colors         :  0
		num indices        :  72
	processing begun of mesh:  sps_tress.006
		registered as also a user of material:  Material.001
		num positions      :  33
		num normals        :  33
		num uvs            :  0
		num uvs2           :  0
		num colors         :  0
		num indices        :  114
	processing begun of mesh:  sps_tress.005
		registered as also a user of material:  Material.001
		num positions      :  4
		num normals        :  4
		num uvs            :  0
		num uvs2           :  0
		num colors         :  0
		num indices        :  6
	processing begun of mesh:  sps_tress.004
		registered as also a user of material:  Material.001
		num positions      :  23
		num normals        :  23
		num uvs            :  0
		num uvs2           :  0
		num colors         :  0
		num indices        :  84
	processing begun of mesh:  sps_tress.003
		registered as also a user of material:  Material.001
		num positions      :  78
		num normals        :  78
		num uvs            :  0
		num uvs2           :  0
		num colors         :  0
		num indices        :  348
	processing begun of mesh:  sps_tress.002
		registered as also a user of material:  Material.001
		num positions      :  140
		num normals        :  140
		num uvs            :  0
		num uvs2           :  0
		num colors         :  0
		num indices        :  672
	processing begun of mesh:  sps_tress.001
		registered as also a user of material:  Material.001
		num positions      :  65
		num normals        :  65
		num uvs            :  0
		num uvs2           :  0
		num colors         :  0
		num indices        :  234
	processing begun of mesh:  sps_tress
		registered as also a user of material:  Material.001
		num positions      :  0
		num normals        :  0
		num uvs            :  0
		num uvs2           :  0
		num colors         :  0
		num indices        :  0
	processing begun of mesh:  dam.007
		processing begun of Standard material:  dam
			Diffuse texture found "Texture.014"
				Image texture found, type:  diffuseTexture, mapped using: "UVMap"
		num positions      :  692
		num normals        :  692
		num uvs            :  1384
		num uvs2           :  0
		num colors         :  0
		num indices        :  1998
	processing begun of mesh:  dam.006
		registered as also a user of material:  dam
		num positions      :  692
		num normals        :  692
		num uvs            :  1384
		num uvs2           :  0
		num colors         :  0
		num indices        :  1998
	processing begun of mesh:  dam.005
		registered as also a user of material:  dam
		num positions      :  692
		num normals        :  692
		num uvs            :  1384
		num uvs2           :  0
		num colors         :  0
		num indices        :  1998
	processing begun of mesh:  tentSmall.004
		processing begun of Standard material:  tentSmall
			Diffuse texture found "Texture.010"
				Image texture found, type:  diffuseTexture, mapped using: "UVMap"
				WARNING: Opacity non-std way to indicate opacity, use material alpha to also use Opacity texture
		num positions      :  1505
		num normals        :  1505
		num uvs            :  3010
		num uvs2           :  0
		num colors         :  0
		num indices        :  4068
	processing begun of mesh:  fireplace.001
		processing begun of Standard material:  hearth
			Diffuse texture found "Texture.012"
				Image texture found, type:  diffuseTexture, mapped using: "UVMap"
				WARNING: Opacity non-std way to indicate opacity, use material alpha to also use Opacity texture
		num positions      :  1741
		num normals        :  1741
		num uvs            :  3482
		num uvs2           :  0
		num colors         :  0
		num indices        :  4344
	processing begun of mesh:  dam.004
		registered as also a user of material:  dam
		num positions      :  692
		num normals        :  692
		num uvs            :  1384
		num uvs2           :  0
		num colors         :  0
		num indices        :  1998
	processing begun of mesh:  dam.003
		registered as also a user of material:  dam
		num positions      :  692
		num normals        :  692
		num uvs            :  1384
		num uvs2           :  0
		num colors         :  0
		num indices        :  1998
	processing begun of mesh:  tentSmall.003
		registered as also a user of material:  tentSmall
		num positions      :  1505
		num normals        :  1505
		num uvs            :  3010
		num uvs2           :  0
		num colors         :  0
		num indices        :  4068
	processing begun of mesh:  abaits.005
		processing begun of Standard material:  abaits
			Diffuse texture found "Texture.015"
				Image texture found, type:  diffuseTexture, mapped using: "UVMap"
		num positions      :  1347
		num normals        :  1347
		num uvs            :  2694
		num uvs2           :  0
		num colors         :  0
		num indices        :  4092
	processing begun of mesh:  abaits.004
		registered as also a user of material:  abaits
		num positions      :  1347
		num normals        :  1347
		num uvs            :  2694
		num uvs2           :  0
		num colors         :  0
		num indices        :  4092
	processing begun of mesh:  abaits.003
		registered as also a user of material:  abaits
		num positions      :  1347
		num normals        :  1347
		num uvs            :  2694
		num uvs2           :  0
		num colors         :  0
		num indices        :  4092
	processing begun of mesh:  dam.002
		registered as also a user of material:  dam
		num positions      :  692
		num normals        :  692
		num uvs            :  1384
		num uvs2           :  0
		num colors         :  0
		num indices        :  1998
	processing begun of mesh:  dam.001
		registered as also a user of material:  dam
		num positions      :  692
		num normals        :  692
		num uvs            :  1384
		num uvs2           :  0
		num colors         :  0
		num indices        :  1998
	processing begun of mesh:  abaits.002
		registered as also a user of material:  abaits
		num positions      :  1347
		num normals        :  1347
		num uvs            :  2694
		num uvs2           :  0
		num colors         :  0
		num indices        :  4092
	processing begun of mesh:  abaits.001
		registered as also a user of material:  abaits
		num positions      :  1347
		num normals        :  1347
		num uvs            :  2694
		num uvs2           :  0
		num colors         :  0
		num indices        :  4092
	processing begun of mesh:  tentSmall.002
		registered as also a user of material:  tentSmall
		num positions      :  1505
		num normals        :  1505
		num uvs            :  3010
		num uvs2           :  0
		num colors         :  0
		num indices        :  4068
	processing begun of mesh:  tentSmall.001
		registered as also a user of material:  tentSmall
		num positions      :  1505
		num normals        :  1505
		num uvs            :  3010
		num uvs2           :  0
		num colors         :  0
		num indices        :  4068
	processing begun of mesh:  Ground
		registered as also a user of material:  Material.001
		num positions      :  16384
		num normals        :  16384
		num uvs            :  0
		num uvs2           :  0
		num colors         :  0
		num indices        :  96774
	processing begun of camera (UniversalCamera):  Camera
	processing begun of mesh:  spruce
		processing begun of Standard material:  korona2.001
			Diffuse texture found "Texture.002"
				Image texture found, type:  diffuseTexture, mapped using: "UVMap"
				WARNING: Opacity non-std way to indicate opacity, use material alpha to also use Opacity texture
		processing begun of Standard material:  spruceRandom
			Diffuse texture found "spruceRandom"
				Image texture found, type:  diffuseTexture, mapped using: "UVMap"
				WARNING: Opacity non-std way to indicate opacity, use material alpha to also use Opacity texture
		processing begun of Standard material:  grass
			Diffuse texture found "grass"
				Image texture found, type:  diffuseTexture, mapped using: "UVMap"
				WARNING: Opacity non-std way to indicate opacity, use material alpha to also use Opacity texture
		processing begun of multimaterial:  MountainsPass.Multimaterial#0
		num positions      :  367
		num normals        :  367
		num uvs            :  734
		num uvs2           :  0
		num colors         :  0
		num indices        :  1134
	processing begun of mesh:  Cube.001
		WARNING: No materials have been assigned: 
		num positions      :  196
		num normals        :  196
		num uvs            :  0
		num uvs2           :  0
		num colors         :  0
		num indices        :  1164
	processing begun of mesh:  Cube.005
		processing begun of Standard material:  wood
			Diffuse texture found "Texture"
				Image texture found, type:  diffuseTexture, mapped using: "UVMap"
		num positions      :  58
		num normals        :  58
		num uvs            :  116
		num uvs2           :  0
		num colors         :  0
		num indices        :  336
	processing begun of mesh:  Cube
		WARNING: No materials have been assigned: 
		num positions      :  8
		num normals        :  8
		num uvs            :  0
		num uvs2           :  0
		num colors         :  0
		num indices        :  36
	processing begun of mesh:  Cylinder
		processing begun of Standard material:  door
			Diffuse texture found "Texture.004"
				Image texture found, type:  diffuseTexture, mapped using: "UVMap"
		num positions      :  40
		num normals        :  40
		num uvs            :  80
		num uvs2           :  0
		num colors         :  0
		num indices        :  78
	processing begun of mesh:  joinedHouse
		processing begun of Standard material:  LOg_low
			Diffuse texture found "Texture.007"
				Image texture found, type:  diffuseTexture, mapped using: "UVMap"
		processing begun of Standard material:  Material.009
			Diffuse texture found "Texture.000"
				Image texture found, type:  diffuseTexture, mapped using: "UVMap"
		processing begun of multimaterial:  MountainsPass.Multimaterial#1
		num positions      :  2252
		num normals        :  2252
		num uvs            :  4504
		num uvs2           :  0
		num colors         :  0
		num indices        :  3270
	processing begun of mesh:  ozdobnik
		WARNING: No materials have been assigned: 
		num positions      :  37
		num normals        :  37
		num uvs            :  0
		num uvs2           :  0
		num colors         :  0
		num indices        :  168
	processing begun of mesh:  Plane.003
		WARNING: No materials have been assigned: 
		num positions      :  4
		num normals        :  4
		num uvs            :  0
		num uvs2           :  0
		num colors         :  0
		num indices        :  6
	processing begun of mesh:  Plane.004
		WARNING: No materials have been assigned: 
		num positions      :  153
		num normals        :  153
		num uvs            :  0
		num uvs2           :  0
		num colors         :  0
		num indices        :  744
	processing begun of mesh:  Plane.005
		WARNING: No materials have been assigned: 
		num positions      :  87
		num normals        :  87
		num uvs            :  0
		num uvs2           :  0
		num colors         :  0
		num indices        :  408
	processing begun of mesh:  abaits
		registered as also a user of material:  abaits
		num positions      :  1347
		num normals        :  1347
		num uvs            :  2694
		num uvs2           :  0
		num colors         :  0
		num indices        :  4092
	processing begun of mesh:  barrel
		processing begun of Standard material:  barrel
			Diffuse texture found "Texture.013"
				Image texture found, type:  diffuseTexture, mapped using: "UVMap"
		num positions      :  107
		num normals        :  107
		num uvs            :  214
		num uvs2           :  0
		num colors         :  0
		num indices        :  204
	processing begun of mesh:  box
		processing begun of Standard material:  box
			Diffuse texture found "Texture.005"
				Image texture found, type:  diffuseTexture, mapped using: "UVMap"
		num positions      :  29
		num normals        :  29
		num uvs            :  58
		num uvs2           :  0
		num colors         :  0
		num indices        :  36
	processing begun of mesh:  dam
		registered as also a user of material:  dam
		num positions      :  692
		num normals        :  692
		num uvs            :  1384
		num uvs2           :  0
		num colors         :  0
		num indices        :  1998
	processing begun of mesh:  fireplace
		registered as also a user of material:  hearth
		num positions      :  1741
		num normals        :  1741
		num uvs            :  3482
		num uvs2           :  0
		num colors         :  0
		num indices        :  4344
	processing begun of mesh:  tentMedium
		processing begun of Standard material:  tentMedium
			Diffuse texture found "Texture.011"
				Image texture found, type:  diffuseTexture, mapped using: "UVMap"
				WARNING: Opacity non-std way to indicate opacity, use material alpha to also use Opacity texture
		num positions      :  1229
		num normals        :  1229
		num uvs            :  2458
		num uvs2           :  0
		num colors         :  0
		num indices        :  3294
	processing begun of mesh:  tentSmall
		registered as also a user of material:  tentSmall
		num positions      :  1505
		num normals        :  1505
		num uvs            :  3010
		num uvs2           :  0
		num colors         :  0
		num indices        :  4068
	processing begun of light (SUN):  Lamp
========= Writing of scene file started =========
========= Writing of scene file completed =========
========= end of processing =========
elapsed time:  0 min, 14.501 secs
