Exporter version: 5.3-beta, Blender version: 2.78 (sub 0)
========= Conversion from Blender to Babylon.js =========
	Scene settings used:
		selected layers only:  false
		flat shading entire scene:  true
		inline textures:  false
		texture directory:  D:\babylon\test_map\
	Python World class constructor completed
	processing begun of mesh:  colider_000
		WARNING: No materials have been assigned: 
		num positions      :  24
		num normals        :  24
		num uvs            :  0
		num uvs2           :  0
		num colors         :  0
		num indices        :  24
	processing begun of mesh:  grass.008
		processing begun of Standard material:  Material.011
		num positions      :  180
		num normals        :  180
		num uvs            :  0
		num uvs2           :  0
		num colors         :  0
		num indices        :  180
	processing begun of mesh:  grass.007
		registered as also a user of material:  Material.011
		num positions      :  180
		num normals        :  180
		num uvs            :  0
		num uvs2           :  0
		num colors         :  0
		num indices        :  180
	processing begun of mesh:  grass.006
		registered as also a user of material:  Material.011
		num positions      :  180
		num normals        :  180
		num uvs            :  0
		num uvs2           :  0
		num colors         :  0
		num indices        :  180
	processing begun of mesh:  grass.005
		registered as also a user of material:  Material.011
		num positions      :  180
		num normals        :  180
		num uvs            :  0
		num uvs2           :  0
		num colors         :  0
		num indices        :  180
	processing begun of mesh:  grass.004
		registered as also a user of material:  Material.011
		num positions      :  180
		num normals        :  180
		num uvs            :  0
		num uvs2           :  0
		num colors         :  0
		num indices        :  180
	processing begun of mesh:  grass.003
		registered as also a user of material:  Material.011
		num positions      :  180
		num normals        :  180
		num uvs            :  0
		num uvs2           :  0
		num colors         :  0
		num indices        :  180
	processing begun of mesh:  grass.002
		registered as also a user of material:  Material.011
		num positions      :  180
		num normals        :  180
		num uvs            :  0
		num uvs2           :  0
		num colors         :  0
		num indices        :  180
	processing begun of mesh:  grass.000
		registered as also a user of material:  Material.011
		num positions      :  180
		num normals        :  180
		num uvs            :  0
		num uvs2           :  0
		num colors         :  0
		num indices        :  180
	processing begun of mesh:  grass.001
		registered as also a user of material:  Material.011
		num positions      :  180
		num normals        :  180
		num uvs            :  0
		num uvs2           :  0
		num colors         :  0
		num indices        :  180
	processing begun of mesh:  Icosphere.005
		processing begun of Standard material:  Material.012
			Diffuse texture found "Kd.005"
				Image texture found, type:  diffuseTexture, mapped using: "UVMap"
		num positions      :  138
		num normals        :  138
		num uvs            :  276
		num uvs2           :  0
		num colors         :  0
		num indices        :  138
	processing begun of mesh:  Icosphere.004
		registered as also a user of material:  Material.012
		num positions      :  138
		num normals        :  138
		num uvs            :  276
		num uvs2           :  0
		num colors         :  0
		num indices        :  138
	processing begun of mesh:  Icosphere.003
		registered as also a user of material:  Material.012
		num positions      :  138
		num normals        :  138
		num uvs            :  276
		num uvs2           :  0
		num colors         :  0
		num indices        :  138
	processing begun of mesh:  Cylinder.009
		processing begun of Standard material:  Material.003
		processing begun of Standard material:  Material
		processing begun of multimaterial:  mapkaiso_lowpoly1.Multimaterial#0
		num positions      :  432
		num normals        :  432
		num uvs            :  0
		num uvs2           :  0
		num colors         :  0
		num indices        :  432
	processing begun of mesh:  Cylinder.008
		registered as also a user of material:  Material.003
		registered as also a user of material:  Material
		processing begun of multimaterial:  mapkaiso_lowpoly1.Multimaterial#1
		num positions      :  432
		num normals        :  432
		num uvs            :  0
		num uvs2           :  0
		num colors         :  0
		num indices        :  432
	processing begun of mesh:  Cylinder.007
		registered as also a user of material:  Material.003
		registered as also a user of material:  Material
		processing begun of multimaterial:  mapkaiso_lowpoly1.Multimaterial#2
		num positions      :  432
		num normals        :  432
		num uvs            :  0
		num uvs2           :  0
		num colors         :  0
		num indices        :  432
	processing begun of mesh:  Cylinder.006
		registered as also a user of material:  Material.003
		registered as also a user of material:  Material
		processing begun of multimaterial:  mapkaiso_lowpoly1.Multimaterial#3
		num positions      :  432
		num normals        :  432
		num uvs            :  0
		num uvs2           :  0
		num colors         :  0
		num indices        :  432
	processing begun of mesh:  Cylinder.005
		registered as also a user of material:  Material.003
		registered as also a user of material:  Material
		processing begun of multimaterial:  mapkaiso_lowpoly1.Multimaterial#4
		num positions      :  432
		num normals        :  432
		num uvs            :  0
		num uvs2           :  0
		num colors         :  0
		num indices        :  432
	processing begun of mesh:  Cylinder.004
		registered as also a user of material:  Material.003
		registered as also a user of material:  Material
		processing begun of multimaterial:  mapkaiso_lowpoly1.Multimaterial#5
		num positions      :  432
		num normals        :  432
		num uvs            :  0
		num uvs2           :  0
		num colors         :  0
		num indices        :  432
	processing begun of mesh:  Cylinder.003
		registered as also a user of material:  Material.003
		registered as also a user of material:  Material
		processing begun of multimaterial:  mapkaiso_lowpoly1.Multimaterial#6
		num positions      :  432
		num normals        :  432
		num uvs            :  0
		num uvs2           :  0
		num colors         :  0
		num indices        :  432
	processing begun of mesh:  Cylinder.002
		registered as also a user of material:  Material.003
		registered as also a user of material:  Material
		processing begun of multimaterial:  mapkaiso_lowpoly1.Multimaterial#7
		num positions      :  432
		num normals        :  432
		num uvs            :  0
		num uvs2           :  0
		num colors         :  0
		num indices        :  432
	processing begun of mesh:  Cylinder.000
		registered as also a user of material:  Material.003
		registered as also a user of material:  Material
		processing begun of multimaterial:  mapkaiso_lowpoly1.Multimaterial#8
		num positions      :  432
		num normals        :  432
		num uvs            :  0
		num uvs2           :  0
		num colors         :  0
		num indices        :  432
	processing begun of mesh:  Icosphere.002
		registered as also a user of material:  Material.012
		num positions      :  138
		num normals        :  138
		num uvs            :  276
		num uvs2           :  0
		num colors         :  0
		num indices        :  138
	processing begun of mesh:  Icosphere.001
		registered as also a user of material:  Material.012
		num positions      :  138
		num normals        :  138
		num uvs            :  276
		num uvs2           :  0
		num colors         :  0
		num indices        :  138
	processing begun of mesh:  choinka.032
		processing begun of Standard material:  Material.002
		processing begun of Standard material:  Material.001
		processing begun of multimaterial:  mapkaiso_lowpoly1.Multimaterial#9
		num positions      :  648
		num normals        :  648
		num uvs            :  0
		num uvs2           :  0
		num colors         :  0
		num indices        :  648
	processing begun of mesh:  choinka.031
		registered as also a user of material:  Material.002
		registered as also a user of material:  Material.001
		processing begun of multimaterial:  mapkaiso_lowpoly1.Multimaterial#10
		num positions      :  432
		num normals        :  432
		num uvs            :  0
		num uvs2           :  0
		num colors         :  0
		num indices        :  432
	processing begun of mesh:  choinka.030
		registered as also a user of material:  Material.002
		registered as also a user of material:  Material.001
		processing begun of multimaterial:  mapkaiso_lowpoly1.Multimaterial#11
		num positions      :  648
		num normals        :  648
		num uvs            :  0
		num uvs2           :  0
		num colors         :  0
		num indices        :  648
	processing begun of mesh:  choinka.029
		registered as also a user of material:  Material.002
		registered as also a user of material:  Material.001
		processing begun of multimaterial:  mapkaiso_lowpoly1.Multimaterial#12
		num positions      :  432
		num normals        :  432
		num uvs            :  0
		num uvs2           :  0
		num colors         :  0
		num indices        :  432
	processing begun of mesh:  choinka.028
		registered as also a user of material:  Material.002
		registered as also a user of material:  Material.001
		processing begun of multimaterial:  mapkaiso_lowpoly1.Multimaterial#13
		num positions      :  432
		num normals        :  432
		num uvs            :  0
		num uvs2           :  0
		num colors         :  0
		num indices        :  432
	processing begun of mesh:  choinka.023
		registered as also a user of material:  Material.002
		registered as also a user of material:  Material.001
		processing begun of multimaterial:  mapkaiso_lowpoly1.Multimaterial#14
		num positions      :  432
		num normals        :  432
		num uvs            :  0
		num uvs2           :  0
		num colors         :  0
		num indices        :  432
	processing begun of mesh:  choinka.021
		registered as also a user of material:  Material.002
		registered as also a user of material:  Material.001
		processing begun of multimaterial:  mapkaiso_lowpoly1.Multimaterial#15
		num positions      :  648
		num normals        :  648
		num uvs            :  0
		num uvs2           :  0
		num colors         :  0
		num indices        :  648
	processing begun of mesh:  choinka.020
		registered as also a user of material:  Material.002
		registered as also a user of material:  Material.001
		processing begun of multimaterial:  mapkaiso_lowpoly1.Multimaterial#16
		num positions      :  648
		num normals        :  648
		num uvs            :  0
		num uvs2           :  0
		num colors         :  0
		num indices        :  648
	processing begun of mesh:  choinka.019
		registered as also a user of material:  Material.002
		registered as also a user of material:  Material.001
		processing begun of multimaterial:  mapkaiso_lowpoly1.Multimaterial#17
		num positions      :  432
		num normals        :  432
		num uvs            :  0
		num uvs2           :  0
		num colors         :  0
		num indices        :  432
	processing begun of mesh:  choinka.018
		registered as also a user of material:  Material.002
		registered as also a user of material:  Material.001
		processing begun of multimaterial:  mapkaiso_lowpoly1.Multimaterial#18
		num positions      :  432
		num normals        :  432
		num uvs            :  0
		num uvs2           :  0
		num colors         :  0
		num indices        :  432
	processing begun of mesh:  choinka.017
		registered as also a user of material:  Material.002
		registered as also a user of material:  Material.001
		processing begun of multimaterial:  mapkaiso_lowpoly1.Multimaterial#19
		num positions      :  432
		num normals        :  432
		num uvs            :  0
		num uvs2           :  0
		num colors         :  0
		num indices        :  432
	processing begun of mesh:  choinka.016
		registered as also a user of material:  Material.002
		registered as also a user of material:  Material.001
		processing begun of multimaterial:  mapkaiso_lowpoly1.Multimaterial#20
		num positions      :  432
		num normals        :  432
		num uvs            :  0
		num uvs2           :  0
		num colors         :  0
		num indices        :  432
	processing begun of mesh:  choinka.015
		registered as also a user of material:  Material.002
		registered as also a user of material:  Material.001
		processing begun of multimaterial:  mapkaiso_lowpoly1.Multimaterial#21
		num positions      :  648
		num normals        :  648
		num uvs            :  0
		num uvs2           :  0
		num colors         :  0
		num indices        :  648
	processing begun of mesh:  choinka.013
		registered as also a user of material:  Material.002
		registered as also a user of material:  Material.001
		processing begun of multimaterial:  mapkaiso_lowpoly1.Multimaterial#22
		num positions      :  648
		num normals        :  648
		num uvs            :  0
		num uvs2           :  0
		num colors         :  0
		num indices        :  648
	processing begun of mesh:  choinka.008
		registered as also a user of material:  Material.002
		registered as also a user of material:  Material.001
		processing begun of multimaterial:  mapkaiso_lowpoly1.Multimaterial#23
		num positions      :  432
		num normals        :  432
		num uvs            :  0
		num uvs2           :  0
		num colors         :  0
		num indices        :  432
	processing begun of mesh:  choinka.004
		registered as also a user of material:  Material.002
		registered as also a user of material:  Material.001
		processing begun of multimaterial:  mapkaiso_lowpoly1.Multimaterial#24
		num positions      :  432
		num normals        :  432
		num uvs            :  0
		num uvs2           :  0
		num colors         :  0
		num indices        :  432
	processing begun of mesh:  ground
		processing begun of Standard material:  ground_grass4
			Diffuse texture found "ground_grass4"
				Image texture found, type:  diffuseTexture, mapped using: "UVMap"
		num positions      :  6
		num normals        :  6
		num uvs            :  12
		num uvs2           :  0
		num colors         :  0
		num indices        :  6
	WARNING: The following camera not visible in scene thus ignored: Camera
	processing begun of mesh:  Icosphere
		registered as also a user of material:  Material.012
		num positions      :  138
		num normals        :  138
		num uvs            :  276
		num uvs2           :  0
		num colors         :  0
		num indices        :  138
	processing begun of mesh:  Cylinder.001
		registered as also a user of material:  Material.003
		registered as also a user of material:  Material
		processing begun of multimaterial:  mapkaiso_lowpoly1.Multimaterial#25
		num positions      :  432
		num normals        :  432
		num uvs            :  0
		num uvs2           :  0
		num colors         :  0
		num indices        :  432
	processing begun of mesh:  Circle.001
		processing begun of Standard material:  Material.004
		processing begun of Standard material:  Material.006
		processing begun of Standard material:  Material.005
		processing begun of multimaterial:  mapkaiso_lowpoly1.Multimaterial#26
		num positions      :  1440
		num normals        :  1440
		num uvs            :  0
		num uvs2           :  0
		num colors         :  0
		num indices        :  1440
		WARNING: # of 0 area faces found:  68
	processing begun of mesh:  Cone.006
		processing begun of Standard material:  Material.007
		processing begun of Standard material:  Material.008
		processing begun of multimaterial:  mapkaiso_lowpoly1.Multimaterial#27
		num positions      :  1740
		num normals        :  1740
		num uvs            :  0
		num uvs2           :  0
		num colors         :  0
		num indices        :  1740
	processing begun of mesh:  Cylinder.013
		processing begun of Standard material:  Material.009
		processing begun of Standard material:  Material.010
		processing begun of multimaterial:  mapkaiso_lowpoly1.Multimaterial#28
		num positions      :  720
		num normals        :  720
		num uvs            :  0
		num uvs2           :  0
		num colors         :  0
		num indices        :  720
		WARNING: # of 0 area faces found:  24
	processing begun of mesh:  hair
		processing begun of Standard material:  hair.001
		num positions      :  276
		num normals        :  276
		num uvs            :  0
		num uvs2           :  0
		num colors         :  0
		num indices        :  276
	processing begun of mesh:  naramiennik.001
		processing begun of Standard material:  Material.013
		num positions      :  240
		num normals        :  240
		num uvs            :  0
		num uvs2           :  0
		num colors         :  0
		num indices        :  240
	WARNING: The following lamp not visible in scene thus ignored: Lamp
========= Writing of scene file started =========
========= Writing of scene file completed =========
========= end of processing =========
elapsed time:  0 min, 1.335 secs
