Exporter version: 5.6.3, Blender version: 2.79 (sub 0)
========= Conversion from Blender to Babylon.js =========
	Scene settings used :
		export scope        :  ALL
		inline textures     :  false
		Positions Precision :  4
		Normals Precision   :  3
		UVs Precision       :  3
		Vert Color Precision:  3
		Mat Weight Precision:  2
		texture directory   :  F:\Slavs\Babylon\Maps\cliff\
	Python World class constructor completed
	WARNING: No active camera has been assigned, or is not in a currently selected Blender layer
	processing begun of mesh:  Rock.000
		processing begun of Standard material:  Rock
			Diffuse texture found "Texture.004"
				Image texture found, type:  diffuseTexture, mapped using: "UVMap"
				WARNING: Opacity non-std way to indicate opacity, use material alpha to also use Opacity texture
			Bump texture found "Texture.004"
				Image texture found, type:  bumpTexture, mapped using: "UVMap"
		num positions      :  2401
		num normals        :  2401
		num uvs            :  4802
		num uvs2           :  0
		num colors         :  0
		num indices        :  4536
	processing begun of mesh:  chwast.023
		processing begun of Standard material:  TexturesCom_NaturePlants0060_1_alphamasked_S
			Diffuse texture found "TexturesCom_NaturePlants0060_1_alphamasked_S"
				Image texture found, type:  diffuseTexture, mapped using: "UVMap"
				WARNING: Opacity non-std way to indicate opacity, use material alpha to also use Opacity texture
			Bump texture found "TexturesCom_NaturePlants0060_1_alphamasked_S"
				Image texture found, type:  bumpTexture, mapped using: "UVMap"
		num positions      :  384
		num normals        :  384
		num uvs            :  768
		num uvs2           :  0
		num colors         :  1536
		num indices        :  576
	processing begun of mesh:  ground_plants.042
		processing begun of Standard material:  ground_plants
			Diffuse texture found "ground_plants"
				Image texture found, type:  diffuseTexture, mapped using: "UVMap"
				WARNING: Opacity non-std way to indicate opacity, use material alpha to also use Opacity texture
		num positions      :  240
		num normals        :  240
		num uvs            :  480
		num uvs2           :  0
		num colors         :  0
		num indices        :  360
	processing begun of mesh:  Rock.017
		registered as also a user of material:  Rock
		num positions      :  9201
		num normals        :  9201
		num uvs            :  18402
		num uvs2           :  0
		num colors         :  0
		num indices        :  18144
	processing begun of mesh:  spruce.007
		processing begun of Standard material:  spruceRandom.001
			Diffuse texture found "spruceRandom.001"
				Image texture found, type:  diffuseTexture, mapped using: "UVMap"
				WARNING: Opacity non-std way to indicate opacity, use material alpha to also use Opacity texture
		num positions      :  3412
		num normals        :  3412
		num uvs            :  6824
		num uvs2           :  0
		num colors         :  0
		num indices        :  10344
	processing begun of mesh:  roots.018
		processing begun of Standard material:  roots
			Diffuse texture found "roots"
				Image texture found, type:  diffuseTexture, mapped using: "UVMap"
				WARNING: Opacity non-std way to indicate opacity, use material alpha to also use Opacity texture
		num positions      :  231
		num normals        :  231
		num uvs            :  462
		num uvs2           :  0
		num colors         :  0
		num indices        :  744
	processing begun of mesh:  cliff.001
		processing begun of Standard material:  Material.003
			Diffuse texture found "Texture.006"
				Image texture found, type:  diffuseTexture, mapped using: "UVMap"
			Bump texture found "Texture.006"
				Image texture found, type:  bumpTexture, mapped using: "UVMap"
		processing begun of Standard material:  Material.000
			Diffuse texture found "Texture.005"
				Image texture found, type:  diffuseTexture, mapped using: "UVMap"
			Bump texture found "Texture.005"
				Image texture found, type:  bumpTexture, mapped using: "UVMap"
		processing begun of multimaterial:  cliff.Multimaterial#0
		num positions      :  4752
		num normals        :  4752
		num uvs            :  9504
		num uvs2           :  0
		num colors         :  0
		num indices        :  26181
	processing begun of mesh:  Plane.001
		processing begun of Standard material:  Material
			Diffuse texture found "Texture.007"
				Image texture found, type:  diffuseTexture, mapped using: "UVMap"
			Bump texture found "Texture.007"
				Image texture found, type:  bumpTexture, mapped using: "UVMap"
		num positions      :  4
		num normals        :  4
		num uvs            :  8
		num uvs2           :  0
		num colors         :  0
		num indices        :  6
	processing begun of mesh:  cliff
		registered as also a user of material:  Material.003
		registered as also a user of material:  Material.000
		processing begun of multimaterial:  cliff.Multimaterial#1
		num positions      :  4752
		num normals        :  4752
		num uvs            :  9504
		num uvs2           :  0
		num colors         :  0
		num indices        :  26181
	processing begun of mesh:  fireplace
		processing begun of Standard material:  hearth
			Diffuse texture found "Texture.027"
				Image texture found, type:  diffuseTexture, mapped using: "UVMap"
				WARNING: Opacity non-std way to indicate opacity, use material alpha to also use Opacity texture
			Bump texture found "Texture.027"
				Image texture found, type:  bumpTexture, mapped using: "UVMap"
		num positions      :  913
		num normals        :  913
		num uvs            :  1826
		num uvs2           :  0
		num colors         :  0
		num indices        :  1776
========= Writing of scene file started =========
========= Writing of scene file completed =========
========= end of processing =========
elapsed time:  0 min, 7.868 secs
