Exporter version: 5.4.2, Blender version: 2.78 (sub 0)
========= Conversion from Blender to Babylon.js =========
	Scene settings used:
		selected layers only:  false
		flat shading entire scene:  false
		inline textures:  false
		texture directory:  F:\Slavs\Babylon\Enemies\Boar\
	Python World class constructor completed
	WARNING: No active camera has been assigned, or is not in a currently selected Blender layer
	processing begun of skeleton:  Armature, id:  0
		processing begun of bone:  Back, index:  0
		processing begun of bone:  Neck, index:  1
		processing begun of bone:  Upper_leg.R, index:  2
		processing begun of bone:  Lower_leg.R, index:  3
		processing begun of bone:  Foot.R, index:  4
		processing begun of bone:  Upper-arm.R, index:  5
		processing begun of bone:  Lower_arm.R, index:  6
		processing begun of bone:  Hand.R, index:  7
		processing begun of bone:  Upper_leg.L, index:  8
		processing begun of bone:  Lower_leg.L, index:  9
		processing begun of bone:  Foot.L, index:  10
		processing begun of bone:  Upper-arm.L, index:  11
		processing begun of bone:  Lower_arm.L, index:  12
		processing begun of bone:  Hand.L, index:  13
		processing action Attack:  in[0 - 13], out[0 - 13]
		processing action Stand:  in[1 - 119], out[20 - 139]
		processing action Stand1:  in[1 - 58], out[150 - 208]
		processing action Walk:  in[1 - 11], out[220 - 231]
	processing begun of mesh:  Boar
		processing begun of Standard material:  Material.001
		processing begun of Standard material:  Boar
			Diffuse texture found "Texture"
				Image texture found, type:  diffuseTexture, mapped using: "UVMap"
				WARNING: Opacity non-std way to indicate opacity, use material alpha to also use Opacity texture
		processing begun of multimaterial:  Boar.Multimaterial#0
		num positions      :  324
		num normals        :  324
		num uvs            :  648
		num uvs2           :  0
		num colors         :  0
		num indices        :  1182
		Skeleton stats:  
			Total Influencers:  655
			Avg # of influencers per vertex:  2.0216
			Highest # of influencers observed:  8, num vertices with this:  2
			exported as 8 influencers
			num skeletonWeights and skeletonIndices:  2592
	WARNING: The following lamp not visible in scene thus ignored: Lamp.001
	WARNING: The following lamp not visible in scene thus ignored: Lamp
========= Writing of scene file started =========
========= Writing of scene file completed =========
========= end of processing =========
elapsed time:  0 min, 1.225 secs
