Exporter version: 5.4.2, Blender version: 2.78 (sub 0)
========= Conversion from Blender to Babylon.js =========
	Scene settings used:
		selected layers only:  false
		flat shading entire scene:  false
		inline textures:  false
		texture directory:  F:\Slavs\Babylon\Maps\Cave\
	Python World class constructor completed
	processing begun of mesh:  Plane
		WARNING: No materials have been assigned: 
		num positions      :  4
		num normals        :  4
		num uvs            :  0
		num uvs2           :  0
		num colors         :  0
		num indices        :  6
	processing begun of mesh:  Cave_Exit
		WARNING: No materials have been assigned: 
		num positions      :  4
		num normals        :  4
		num uvs            :  0
		num uvs2           :  0
		num colors         :  0
		num indices        :  6
	processing begun of mesh:  Stones.003
		processing begun of Standard material:  Material.001
			Diffuse texture found "Texture.002"
				Image texture found, type:  diffuseTexture, mapped using: "UVMap"
		num positions      :  264
		num normals        :  264
		num uvs            :  528
		num uvs2           :  0
		num colors         :  0
		num indices        :  612
	processing begun of mesh:  Stones.002
		mesh is an instance of :  Stones.003.  Processing halted.
	processing begun of mesh:  Stones.001
		mesh is an instance of :  Stones.003.  Processing halted.
	processing begun of mesh:  Stones
		mesh is an instance of :  Stones.003.  Processing halted.
	processing begun of mesh:  Cone.004
		processing begun of Standard material:  Material.000
			Diffuse texture found "Texture.000"
				Image texture found, type:  diffuseTexture, mapped using: "UVMap"
		num positions      :  23
		num normals        :  23
		num uvs            :  46
		num uvs2           :  0
		num colors         :  0
		num indices        :  75
	processing begun of mesh:  Cone.003
		registered as also a user of material:  Material.000
		num positions      :  23
		num normals        :  23
		num uvs            :  46
		num uvs2           :  0
		num colors         :  0
		num indices        :  75
	processing begun of mesh:  Cone.002
		registered as also a user of material:  Material.000
		num positions      :  23
		num normals        :  23
		num uvs            :  46
		num uvs2           :  0
		num colors         :  0
		num indices        :  75
	processing begun of mesh:  Cone.001
		mesh is an instance of :  Cone.002.  Processing halted.
	processing begun of mesh:  Cone
		registered as also a user of material:  Material.000
		num positions      :  23
		num normals        :  23
		num uvs            :  46
		num uvs2           :  0
		num colors         :  0
		num indices        :  75
	processing begun of mesh:  Mountains.000
		registered as also a user of material:  Material.000
		num positions      :  53
		num normals        :  53
		num uvs            :  106
		num uvs2           :  0
		num colors         :  0
		num indices        :  243
	processing begun of mesh:  Mountains.001
		registered as also a user of material:  Material.000
		num positions      :  53
		num normals        :  53
		num uvs            :  106
		num uvs2           :  0
		num colors         :  0
		num indices        :  243
	processing begun of mesh:  Mountains.016
		processing begun of Standard material:  Material.010
			Diffuse texture found "Texture.010"
				Image texture found, type:  diffuseTexture, mapped using: "UVMap"
		num positions      :  97
		num normals        :  97
		num uvs            :  194
		num uvs2           :  0
		num colors         :  0
		num indices        :  294
	processing begun of mesh:  Ground
		processing begun of Standard material:  Road
			Diffuse texture found "Texture"
				Image texture found, type:  diffuseTexture, mapped using: "UVMap"
		num positions      :  14
		num normals        :  14
		num uvs            :  28
		num uvs2           :  0
		num colors         :  0
		num indices        :  18
	processing begun of mesh:  Stobe_3
		registered as also a user of material:  Material.001
		num positions      :  264
		num normals        :  264
		num uvs            :  528
		num uvs2           :  0
		num colors         :  0
		num indices        :  612
	WARNING: The following camera not visible in scene thus ignored: Camera.001
	WARNING: The following lamp not visible in scene thus ignored: Hemi.001
	WARNING: The following lamp not visible in scene thus ignored: Hemi.002
	WARNING: The following lamp not visible in scene thus ignored: Spot
	WARNING: The following lamp not visible in scene thus ignored: Hemi
========= Writing of scene file started =========
========= Writing of scene file completed =========
========= end of processing =========
elapsed time:  0 min, 0.352 secs
